

<!DOCTYPE html>
<html>
<head>
<meta charset="UTF-8">
<meta name="viewport" content="width=device-width, initial-scale=1, shrink-to-fit=no">
<title></title>
<link rel="apple-touch-icon" href="https://cdn.jsdelivr.net/gh/extent-framework/extent-github-cdn@b00a2d0486596e73dd7326beacf352c639623a0e/commons/img/logo.png">
<link rel="shortcut icon" href="https://cdn.jsdelivr.net/gh/extent-framework/extent-github-cdn@b00a2d0486596e73dd7326beacf352c639623a0e/commons/img/logo.png">
<link href="https://cdn.jsdelivr.net/gh/extent-framework/extent-github-cdn@ce8b10435bcbae260c334c0d0c6b61d2c19b6168/spark/css/spark-style.css" rel="stylesheet" />
<link href="https://stackpath.bootstrapcdn.com/font-awesome/4.7.0/css/font-awesome.min.css" rel="stylesheet">
<script src="https://cdn.jsdelivr.net/gh/extent-framework/extent-github-cdn@7cc78ce/spark/js/jsontree.js"></script>
<style type="text/css"></style></head><body class="spa bdd-report standard">
  <div class="app">
    <div class="layout">
<div class="header navbar">
<div class="vheader">
<div class="nav-logo">
<a href="#">
<div class="logo" style="background-image: url('https://cdn.jsdelivr.net/gh/extent-framework/extent-github-cdn@b00a2d0486596e73dd7326beacf352c639623a0e/commons/img/logo.png')"></div>
</a>
</div>
<ul class="nav-left">
<li class="search-box">
<a class="search-toggle" href="#">
<i class="search-icon fa fa-search"></i>
<i class="search-icon-close fa fa-close"></i>
</a>
</li>
<li class="search-input"><input id="search-tests" class="form-control" type="text" placeholder="Search..."></li>
</ul>
<ul class="nav-right">
<li class="m-r-10">
<a href="#"><span class="badge badge-primary"></span></a>
</li>
<li class="m-r-10">
<a href="#"><span class="badge badge-primary">Feb 29, 2024 01:47:07 pm</span></a>
</li>
</ul>
</div>
</div><div class="side-nav">
<div class="side-nav-inner">
<ul class="side-nav-menu">
<li class="nav-item dropdown" onclick="toggleView('test-view')">
<a id="nav-test" class="dropdown-toggle" href="#">
<span class="ico"><i class="fa fa-list"></i></span>
</a>
</li>
<li class="nav-item dropdown" onclick="toggleView('exception-view')">
<a id="nav-exception" class="dropdown-toggle" href="#">
<span class="ico"><i class="fa fa-bug"></i></span>
</a>
</li>
<li class="nav-item dropdown" onclick="toggleView('category-view')">
<a id="nav-category" class="dropdown-toggle" href="#">
<span class="ico"><i class="fa fa-tag"></i></span>
</a>
</li>
<li class="nav-item dropdown" onclick="toggleView('dashboard-view')">
<a id="nav-dashboard" class="dropdown-toggle" href="#">
<span class="ico"><i class="fa fa-bar-chart"></i></span>
</a>
</li>
</ul>
</div>
</div>      <div class="vcontainer">
        <div class="main-content">
<div class="test-wrapper row view test-view">
  <div class="test-list">
    <div class="test-list-tools">
<ul class="tools pull-left">
<li><a href="#"><span class="font-size-14">Tests</span></a></li>
</ul>
<ul class="tools text-right">
<li class="dropdown">
<a href="#" class="dropdown-toggle" data-toggle="dropdown"><i class="fa fa-exclamation-circle"></i></a>
<ul id="status-toggle" class="dropdown-menu dropdown-md p-v-0">
<a class="dropdown-item" status="fail" href="#"><span>Fail</span><span class="status danger"></span></a>
<div class="dropdown-divider"></div>
<a status="clear" class="dropdown-item" href="#"><span>Clear</span><span class="pull-right"><i class="fa fa-close"></i></span></a>
</ul>
</li>
<li class="dropdown">
<a href="#" class="dropdown-toggle" data-toggle="dropdown"><i class="fa fa-tag"></i></a>
<ul id="tag-toggle" class="dropdown-menu dropdown-md p-v-0">
<a class="dropdown-item" href="#">@smoke</a><a class="dropdown-item" href="#">@test</a><a class="dropdown-item" href="#">@regression</a>
</ul>
</li>
</ul>
</div>    <div class="test-list-wrapper scrollable">
      <ul class="test-list-item">
        <li class="test-item"  status="fail" test-id="1"
          author=""
          tag=""
          device="">
          <div class="test-detail">
            <p class="name">Policy bazaar</p>
            <p class="text-sm">
              <span>1:47:09 pm</span> / <span>00:01:57:797</span>
              <span class="badge fail-bg log float-right">Fail</span>
            </p>
          </div>
          <div class="test-contents d-none">
<div class="detail-head">
<div class="p-v-10">
<div class="info">
<h5 class="test-status text-fail">Policy bazaar</h5>
<span class='badge badge-success'>02.29.2024 1:47:09 pm</span>
<span class='badge badge-danger'>02.29.2024 1:49:07 pm</span>
<span class='badge badge-default'>00:01:57:797</span>
&middot; <span class='uri-anchor badge badge-default'>#test-id=1</span>
<span title='Skip to the next failed step' class='badge badge-danger pointer float-right ne ml-1'><i class="fa fa-fast-forward"></i></span>
<span title='Collapse all nodes' class='badge badge-default pointer float-right ct ml-1'><i class="fa fa-compress"></i></span>
<span title='Expand all nodes' class='badge badge-default pointer float-right et'><i class="fa fa-expand"></i></span>
</div>
<div class="m-t-10 m-l-5"></div>
</div>
</div>
<div class="accordion mt-4">
  <div class="card">
    <div class="card-header" role="tab">
      <div class="card-title">
        <div class="node" id="2"><span class="badge log fail-bg mr-2">Fail</span>Travel Insurance</div>
          <div class="status-avatar float-right mr-4">
            <i class="fa fa-paperclip"></i>
          </div>
      </div>
    </div>
        <div class="scenario_outline ">
            <div class="card-body l1">
              <div class="card-header">
                <div class="card-title outline-child">
                  <div class="node" id="3"><span class="badge log fail-bg mr-2">Fail</span>Travel Insurance</div>
                    <div class="status-avatar float-right">
                      <i class="fa fa-paperclip"></i>
                    </div>
                </div>
              </div>
              <div class="card-body mt-3 ">
                  <div class="step pass-bg">
                    <span>Given User navigate to policy bazaar website</span>
      <div>
      </div>
                  </div>
                  <div class="step pass-bg">
                    <span>com.travel_Insurance.stepDefinitions.hooks.addScreenshot(io.cucumber.java.Scenario)</span>
      <div>Travel Insurance
          <div class="row mb-3"><div class="col-md-3">
<img data-featherlight='../Screenshots/embedded1.png' src="../Screenshots/embedded1.png">
    
    </div></div>
</div>
      <div>
      </div>
                  </div>
                  <div class="step pass-bg">
                    <span>Then User verifies title of policy bazaar page</span>
      <div>
      </div>
                  </div>
                  <div class="step pass-bg">
                    <span>com.travel_Insurance.stepDefinitions.hooks.addScreenshot(io.cucumber.java.Scenario)</span>
      <div>Travel Insurance
          <div class="row mb-3"><div class="col-md-3">
<img data-featherlight='../Screenshots/embedded2.png' src="../Screenshots/embedded2.png">
    
    </div></div>
</div>
      <div>
      </div>
                  </div>
                  <div class="step pass-bg">
                    <span>When User clicks on Travel Insurance button in policy bazaar home page</span>
      <div>
      </div>
                  </div>
                  <div class="step pass-bg">
                    <span>com.travel_Insurance.stepDefinitions.hooks.addScreenshot(io.cucumber.java.Scenario)</span>
      <div>Travel Insurance
          <div class="row mb-3"><div class="col-md-3">
<img data-featherlight='../Screenshots/embedded3.png' src="../Screenshots/embedded3.png">
    
    </div></div>
</div>
      <div>
      </div>
                  </div>
                  <div class="step pass-bg">
                    <span>Then User Verifies title of Travel Insurance page</span>
      <div>
      </div>
                  </div>
                  <div class="step pass-bg">
                    <span>com.travel_Insurance.stepDefinitions.hooks.addScreenshot(io.cucumber.java.Scenario)</span>
      <div>Travel Insurance
          <div class="row mb-3"><div class="col-md-3">
<img data-featherlight='../Screenshots/embedded4.png' src="../Screenshots/embedded4.png">
    
    </div></div>
</div>
      <div>
      </div>
                  </div>
                  <div class="step pass-bg">
                    <span>When User enters "Italy" of European countries in destination box and click on next  in travel page</span>
      <div>
      </div>
                  </div>
                  <div class="step pass-bg">
                    <span>com.travel_Insurance.stepDefinitions.hooks.addScreenshot(io.cucumber.java.Scenario)</span>
      <div>Travel Insurance
          <div class="row mb-3"><div class="col-md-3">
<img data-featherlight='../Screenshots/embedded5.png' src="../Screenshots/embedded5.png">
    
    </div></div>
</div>
      <div>
      </div>
                  </div>
                  <div class="step fail-bg">
                    <span>When User selects dates from calender for start and end in Travel Insurance page Trip "April 2024""24""May 2024""24"</span>
      <div>
        <textarea disabled class="code-block">org.openqa.selenium.NoSuchElementException: no such element: Unable to locate element: {"method":"xpath","selector":"(//input[@class="MuiInputBase-input MuiOutlinedInput-input"])[1]"}
  (Session info: chrome=120.0.6099.130)
For documentation on this error, please visit: https://www.selenium.dev/documentation/webdriver/troubleshooting/errors#no-such-element-exception
Build info: version: '4.15.0', revision: '1d14b5521b'
System info: os.name: 'Windows 11', os.arch: 'amd64', os.version: '10.0', java.version: '17.0.9'
Driver info: org.openqa.selenium.chrome.ChromeDriver
Command: [a7ea1a57fa6d5b271fcfd312d8b5d5af, findElement {using=xpath, value=(//input[@class="MuiInputBase-input MuiOutlinedInput-input"])[1]}]
Capabilities {acceptInsecureCerts: false, browserName: chrome, browserVersion: 120.0.6099.130, chrome: {chromedriverVersion: 120.0.6099.109 (3419140ab66..., userDataDir: C:\Windows\SystemTemp\scope...}, fedcm:accounts: true, goog:chromeOptions: {debuggerAddress: localhost:55768}, networkConnectionEnabled: false, pageLoadStrategy: normal, platformName: windows, proxy: Proxy(), se:cdp: ws://localhost:55768/devtoo..., se:cdpVersion: 120.0.6099.130, setWindowRect: true, strictFileInteractability: false, timeouts: {implicit: 0, pageLoad: 300000, script: 30000}, unhandledPromptBehavior: dismiss and notify, webauthn:extension:credBlob: true, webauthn:extension:largeBlob: true, webauthn:extension:minPinLength: true, webauthn:extension:prf: true, webauthn:virtualAuthenticators: true}
Session ID: a7ea1a57fa6d5b271fcfd312d8b5d5af
	at java.base/jdk.internal.reflect.NativeConstructorAccessorImpl.newInstance0(Native Method)
	at java.base/jdk.internal.reflect.NativeConstructorAccessorImpl.newInstance(NativeConstructorAccessorImpl.java:77)
	at java.base/jdk.internal.reflect.DelegatingConstructorAccessorImpl.newInstance(DelegatingConstructorAccessorImpl.java:45)
	at java.base/java.lang.reflect.Constructor.newInstanceWithCaller(Constructor.java:499)
	at java.base/java.lang.reflect.Constructor.newInstance(Constructor.java:480)
	at org.openqa.selenium.remote.codec.w3c.W3CHttpResponseCodec.createException(W3CHttpResponseCodec.java:200)
	at org.openqa.selenium.remote.codec.w3c.W3CHttpResponseCodec.decode(W3CHttpResponseCodec.java:133)
	at org.openqa.selenium.remote.codec.w3c.W3CHttpResponseCodec.decode(W3CHttpResponseCodec.java:52)
	at org.openqa.selenium.remote.HttpCommandExecutor.execute(HttpCommandExecutor.java:191)
	at org.openqa.selenium.remote.service.DriverCommandExecutor.invokeExecute(DriverCommandExecutor.java:200)
	at org.openqa.selenium.remote.service.DriverCommandExecutor.execute(DriverCommandExecutor.java:175)
	at org.openqa.selenium.remote.RemoteWebDriver.execute(RemoteWebDriver.java:607)
	at org.openqa.selenium.remote.ElementLocation$ElementFinder$2.findElement(ElementLocation.java:165)
	at org.openqa.selenium.remote.ElementLocation.findElement(ElementLocation.java:59)
	at org.openqa.selenium.remote.RemoteWebDriver.findElement(RemoteWebDriver.java:364)
	at org.openqa.selenium.remote.RemoteWebDriver.findElement(RemoteWebDriver.java:358)
	at com.travel_Insurance.pageObjects.travelinsurancePage.calender(travelinsurancePage.java:145)
	at com.travel_Insurance.stepDefinitions.travelInsuranceStepDefination.user_selects_dates_from_calender_for_start_and_end_in_travel_insurance_page_trip(travelInsuranceStepDefination.java:63)
	at ✽.User selects dates from calender for start and end in Travel Insurance page Trip "April 2024""24""May 2024""24"(file:///C:/Users/2304125/eclipse-workspace/travel_Insurance/src/test/resources/featureFile/policyBazaarE2E.feature:10)
</textarea>
      
      </div>
                  </div>
                  <div class="step skip-bg">
                    <span>When User selects number of people travelling</span>
      <div>Step skipped
      </div>
                  </div>
                  <div class="step skip-bg">
                    <span>And User accordingly select ages of people in respective age dropdowns shown when clicked on age boxes</span>
      <div>Step skipped
      </div>
                  </div>
                  <div class="step skip-bg">
                    <span>And User clicks on Proceed to medical history after selecting age of people</span>
      <div>Step skipped
      </div>
                  </div>
                  <div class="step skip-bg">
                    <span>When User clicks no radio button  in medical history part</span>
      <div>Step skipped
      </div>
                  </div>
                  <div class="step skip-bg">
                    <span>When User enters valid "9898999654" in mobilenumber box and click viewplans in contact details</span>
      <div>Step skipped
      </div>
                  </div>
                  <div class="step skip-bg">
                    <span>When User clicks on Student plan Traveller check boxes and select plans</span>
      <div>Step skipped
      </div>
                  </div>
                  <div class="step skip-bg">
                    <span>When User clicks on Sort by button and selects Premium low to high dropdown in policy bazaar</span>
      <div>Step skipped
      </div>
                  </div>
                  <div class="step skip-bg">
                    <span>And User store the details insurance provider company name and amount of first 3 insurance plans</span>
      <div>Step skipped
      </div>
                  </div>
                  <div class="step skip-bg">
                    <span>When User clicks on policy bazaar icon</span>
      <div>Step skipped
      </div>
                  </div>
                  <div class="step skip-bg">
                    <span>Then User verifies title of redirected page</span>
      <div>Step skipped
      </div>
                  </div>
              </div>
            </div>
        </div>
  </div>
  <div class="card">
    <div class="card-header" role="tab">
      <div class="card-title">
        <div class="node" id="38"><span class="badge log fail-bg mr-2">Fail</span>Car Insurance</div>
          <div class="status-avatar float-right mr-4">
            <i class="fa fa-paperclip"></i>
          </div>
      </div>
    </div>
        <div class="scenario_outline ">
            <div class="card-body l1">
              <div class="card-header">
                <div class="card-title outline-child">
                  <div class="node" id="39"><span class="badge log fail-bg mr-2">Fail</span>Car Insurance</div>
                    <div class="status-avatar float-right">
                      <i class="fa fa-paperclip"></i>
                    </div>
                </div>
              </div>
              <div class="card-body mt-3 ">
                  <div class="step pass-bg">
                    <span>Given User should be in Policy bazaar home page</span>
      <div>
      </div>
                  </div>
                  <div class="step pass-bg">
                    <span>com.travel_Insurance.stepDefinitions.hooks.addScreenshot(io.cucumber.java.Scenario)</span>
      <div>Car Insurance
          <div class="row mb-3"><div class="col-md-3">
<img data-featherlight='../Screenshots/embedded6.png' src="../Screenshots/embedded6.png">
    
    </div></div>
</div>
      <div>
      </div>
                  </div>
                  <div class="step fail-bg">
                    <span>When User clicks on Car Insurance in policy bazaar home page</span>
      <div>
        <textarea disabled class="code-block">org.openqa.selenium.NoSuchElementException: no such element: Unable to locate element: {"method":"xpath","selector":"(//div[@class='prd-icon add shadowHandler short'])[4]"}
  (Session info: chrome=120.0.6099.130)
For documentation on this error, please visit: https://www.selenium.dev/documentation/webdriver/troubleshooting/errors#no-such-element-exception
Build info: version: '4.15.0', revision: '1d14b5521b'
System info: os.name: 'Windows 11', os.arch: 'amd64', os.version: '10.0', java.version: '17.0.9'
Driver info: org.openqa.selenium.chrome.ChromeDriver
Command: [a35612a53f77feb59bfc051b51d6cba5, findElement {using=xpath, value=(//div[@class='prd-icon add shadowHandler short'])[4]}]
Capabilities {acceptInsecureCerts: false, browserName: chrome, browserVersion: 120.0.6099.130, chrome: {chromedriverVersion: 120.0.6099.109 (3419140ab66..., userDataDir: C:\Windows\SystemTemp\scope...}, fedcm:accounts: true, goog:chromeOptions: {debuggerAddress: localhost:55864}, networkConnectionEnabled: false, pageLoadStrategy: normal, platformName: windows, proxy: Proxy(), se:cdp: ws://localhost:55864/devtoo..., se:cdpVersion: 120.0.6099.130, setWindowRect: true, strictFileInteractability: false, timeouts: {implicit: 0, pageLoad: 300000, script: 30000}, unhandledPromptBehavior: dismiss and notify, webauthn:extension:credBlob: true, webauthn:extension:largeBlob: true, webauthn:extension:minPinLength: true, webauthn:extension:prf: true, webauthn:virtualAuthenticators: true}
Session ID: a35612a53f77feb59bfc051b51d6cba5
	at java.base/jdk.internal.reflect.NativeConstructorAccessorImpl.newInstance0(Native Method)
	at java.base/jdk.internal.reflect.NativeConstructorAccessorImpl.newInstance(NativeConstructorAccessorImpl.java:77)
	at java.base/jdk.internal.reflect.DelegatingConstructorAccessorImpl.newInstance(DelegatingConstructorAccessorImpl.java:45)
	at java.base/java.lang.reflect.Constructor.newInstanceWithCaller(Constructor.java:499)
	at java.base/java.lang.reflect.Constructor.newInstance(Constructor.java:480)
	at org.openqa.selenium.remote.codec.w3c.W3CHttpResponseCodec.createException(W3CHttpResponseCodec.java:200)
	at org.openqa.selenium.remote.codec.w3c.W3CHttpResponseCodec.decode(W3CHttpResponseCodec.java:133)
	at org.openqa.selenium.remote.codec.w3c.W3CHttpResponseCodec.decode(W3CHttpResponseCodec.java:52)
	at org.openqa.selenium.remote.HttpCommandExecutor.execute(HttpCommandExecutor.java:191)
	at org.openqa.selenium.remote.service.DriverCommandExecutor.invokeExecute(DriverCommandExecutor.java:200)
	at org.openqa.selenium.remote.service.DriverCommandExecutor.execute(DriverCommandExecutor.java:175)
	at org.openqa.selenium.remote.RemoteWebDriver.execute(RemoteWebDriver.java:607)
	at org.openqa.selenium.remote.ElementLocation$ElementFinder$2.findElement(ElementLocation.java:165)
	at org.openqa.selenium.remote.ElementLocation.findElement(ElementLocation.java:59)
	at org.openqa.selenium.remote.RemoteWebDriver.findElement(RemoteWebDriver.java:364)
	at org.openqa.selenium.remote.RemoteWebDriver.findElement(RemoteWebDriver.java:358)
	at com.travel_Insurance.pageObjects.carInsurancePage.carInsButton(carInsurancePage.java:47)
	at com.travel_Insurance.stepDefinitions.carInsuranceStepDefination.user_clicks_on_car_insurance_in_policy_bazaar_home_page(carInsuranceStepDefination.java:32)
	at ✽.User clicks on Car Insurance in policy bazaar home page(file:///C:/Users/2304125/eclipse-workspace/travel_Insurance/src/test/resources/featureFile/policyBazaarE2E.feature:29)
</textarea>
      
      </div>
                  </div>
                  <div class="step skip-bg">
                    <span>Then User verifies title of Car insurance page</span>
      <div>Step skipped
      </div>
                  </div>
                  <div class="step skip-bg">
                    <span>When User clicks on View prices button without giving car number in box</span>
      <div>Step skipped
      </div>
                  </div>
                  <div class="step skip-bg">
                    <span>Then capture the error message displayed</span>
      <div>Step skipped
      </div>
                  </div>
                  <div class="step skip-bg">
                    <span>When User clicks on View prices button by giving valid "TN-23-6543" in box</span>
      <div>Step skipped
      </div>
                  </div>
                  <div class="step skip-bg">
                    <span>When User selects car details "KIA","Sonet","Diesel","GTX Plus 1.5 AT (1493 cc)","Brand New Car" in car insurance</span>
      <div>Step skipped
      </div>
                  </div>
                  <div class="step skip-bg">
                    <span>When User enters valid "abcd" in fullname box "abc" in email box and "9876023652" in mobileno box</span>
      <div>Step skipped
      </div>
                  </div>
                  <div class="step skip-bg">
                    <span>Then User captures error message if email is invalid</span>
      <div>Step skipped
      </div>
                  </div>
                  <div class="step skip-bg">
                    <span>And User validate if all details valid details and click on next</span>
      <div>Step skipped
      </div>
                  </div>
                  <div class="step skip-bg">
                    <span>When User clicks on policy bazaar to go back home</span>
      <div>Step skipped
      </div>
                  </div>
                  <div class="step skip-bg">
                    <span>Then User verifies title of policy bazaar again after redirection</span>
      <div>Step skipped
      </div>
                  </div>
              </div>
            </div>
        </div>
  </div>
  <div class="card">
    <div class="card-header" role="tab">
      <div class="card-title">
        <div class="node" id="66"><span class="badge log fail-bg mr-2">Fail</span>Health Insurance</div>
          <div class="status-avatar float-right mr-4">
            <i class="fa fa-paperclip"></i>
          </div>
      </div>
    </div>
        <div class="scenario_outline ">
            <div class="card-body l1">
              <div class="card-header">
                <div class="card-title outline-child">
                  <div class="node" id="67"><span class="badge log fail-bg mr-2">Fail</span>Health Insurance</div>
                    <div class="status-avatar float-right">
                      <i class="fa fa-paperclip"></i>
                    </div>
                </div>
              </div>
              <div class="card-body mt-3 ">
                  <div class="step pass-bg">
                    <span>Given User should be in policy bazaar home page for health insurance</span>
      <div>
      </div>
                  </div>
                  <div class="step pass-bg">
                    <span>com.travel_Insurance.stepDefinitions.hooks.addScreenshot(io.cucumber.java.Scenario)</span>
      <div>Health Insurance
          <div class="row mb-3"><div class="col-md-3">
<img data-featherlight='../Screenshots/embedded7.png' src="../Screenshots/embedded7.png">
    
    </div></div>
</div>
      <div>
      </div>
                  </div>
                  <div class="step fail-bg">
                    <span>When User clicked on Insurance Products dropdown</span>
      <div>
        <textarea disabled class="code-block">org.openqa.selenium.NoSuchElementException: no such element: Unable to locate element: {"method":"xpath","selector":"//li[@class="ruby-menu-mega shade mr"]"}
  (Session info: chrome=120.0.6099.130)
For documentation on this error, please visit: https://www.selenium.dev/documentation/webdriver/troubleshooting/errors#no-such-element-exception
Build info: version: '4.15.0', revision: '1d14b5521b'
System info: os.name: 'Windows 11', os.arch: 'amd64', os.version: '10.0', java.version: '17.0.9'
Driver info: org.openqa.selenium.chrome.ChromeDriver
Command: [01e49afa08b02b53c68d6fd46ea68b01, findElement {using=xpath, value=//li[@class="ruby-menu-mega shade mr"]}]
Capabilities {acceptInsecureCerts: false, browserName: chrome, browserVersion: 120.0.6099.130, chrome: {chromedriverVersion: 120.0.6099.109 (3419140ab66..., userDataDir: C:\Windows\SystemTemp\scope...}, fedcm:accounts: true, goog:chromeOptions: {debuggerAddress: localhost:55920}, networkConnectionEnabled: false, pageLoadStrategy: normal, platformName: windows, proxy: Proxy(), se:cdp: ws://localhost:55920/devtoo..., se:cdpVersion: 120.0.6099.130, setWindowRect: true, strictFileInteractability: false, timeouts: {implicit: 0, pageLoad: 300000, script: 30000}, unhandledPromptBehavior: dismiss and notify, webauthn:extension:credBlob: true, webauthn:extension:largeBlob: true, webauthn:extension:minPinLength: true, webauthn:extension:prf: true, webauthn:virtualAuthenticators: true}
Session ID: 01e49afa08b02b53c68d6fd46ea68b01
	at java.base/jdk.internal.reflect.NativeConstructorAccessorImpl.newInstance0(Native Method)
	at java.base/jdk.internal.reflect.NativeConstructorAccessorImpl.newInstance(NativeConstructorAccessorImpl.java:77)
	at java.base/jdk.internal.reflect.DelegatingConstructorAccessorImpl.newInstance(DelegatingConstructorAccessorImpl.java:45)
	at java.base/java.lang.reflect.Constructor.newInstanceWithCaller(Constructor.java:499)
	at java.base/java.lang.reflect.Constructor.newInstance(Constructor.java:480)
	at org.openqa.selenium.remote.codec.w3c.W3CHttpResponseCodec.createException(W3CHttpResponseCodec.java:200)
	at org.openqa.selenium.remote.codec.w3c.W3CHttpResponseCodec.decode(W3CHttpResponseCodec.java:133)
	at org.openqa.selenium.remote.codec.w3c.W3CHttpResponseCodec.decode(W3CHttpResponseCodec.java:52)
	at org.openqa.selenium.remote.HttpCommandExecutor.execute(HttpCommandExecutor.java:191)
	at org.openqa.selenium.remote.service.DriverCommandExecutor.invokeExecute(DriverCommandExecutor.java:200)
	at org.openqa.selenium.remote.service.DriverCommandExecutor.execute(DriverCommandExecutor.java:175)
	at org.openqa.selenium.remote.RemoteWebDriver.execute(RemoteWebDriver.java:607)
	at org.openqa.selenium.remote.ElementLocation$ElementFinder$2.findElement(ElementLocation.java:165)
	at org.openqa.selenium.remote.ElementLocation.findElement(ElementLocation.java:59)
	at org.openqa.selenium.remote.RemoteWebDriver.findElement(RemoteWebDriver.java:364)
	at org.openqa.selenium.remote.RemoteWebDriver.findElement(RemoteWebDriver.java:358)
	at com.travel_Insurance.pageObjects.healthInsurancePage.insProddpdn(healthInsurancePage.java:52)
	at com.travel_Insurance.stepDefinitions.healthInsuranceStepdefination.user_clicked_on_insurance_products_dropdown(healthInsuranceStepdefination.java:33)
	at ✽.User clicked on Insurance Products dropdown(file:///C:/Users/2304125/eclipse-workspace/travel_Insurance/src/test/resources/featureFile/policyBazaarE2E.feature:48)
</textarea>
      
      </div>
                  </div>
                  <div class="step skip-bg">
                    <span>Then User store all the health insurance menu in dropdown displayed</span>
      <div>Step skipped
      </div>
                  </div>
                  <div class="step skip-bg">
                    <span>When User clicked on health insurance  and navigated to health insurance page</span>
      <div>Step skipped
      </div>
                  </div>
                  <div class="step skip-bg">
                    <span>Then User verify title of health insurance page</span>
      <div>Step skipped
      </div>
                  </div>
                  <div class="step skip-bg">
                    <span>And user  provided valid data with "self","22 Years","Hyderabad","hari","1234567891","9876543234","9876543453"</span>
      <div>Step skipped
      </div>
                  </div>
                  <div class="step skip-bg">
                    <span>And click on continue</span>
      <div>Step skipped
      </div>
                  </div>
                  <div class="step skip-bg">
                    <span>Then sort results as low to high and capture the first three insurance packages and providers</span>
      <div>Step skipped
      </div>
                  </div>
              </div>
            </div>
        </div>
  </div>
</div>
          </div>
        </li>
        <li class="test-item"  status="fail" test-id="86"
          author=""
          tag=""
          device="">
          <div class="test-detail">
            <p class="name">Insurance_regression</p>
            <p class="text-sm">
              <span>1:49:07 pm</span> / <span>00:01:04:615</span>
              <span class="badge fail-bg log float-right">Fail</span>
            </p>
          </div>
          <div class="test-contents d-none">
<div class="detail-head">
<div class="p-v-10">
<div class="info">
<h5 class="test-status text-fail">Insurance_regression</h5>
<span class='badge badge-success'>02.29.2024 1:49:07 pm</span>
<span class='badge badge-danger'>02.29.2024 1:50:12 pm</span>
<span class='badge badge-default'>00:01:04:615</span>
&middot; <span class='uri-anchor badge badge-default'>#test-id=86</span>
<span title='Skip to the next failed step' class='badge badge-danger pointer float-right ne ml-1'><i class="fa fa-fast-forward"></i></span>
<span title='Collapse all nodes' class='badge badge-default pointer float-right ct ml-1'><i class="fa fa-compress"></i></span>
<span title='Expand all nodes' class='badge badge-default pointer float-right et'><i class="fa fa-expand"></i></span>
</div>
<div class="m-t-10 m-l-5"></div>
</div>
</div>
<div class="accordion mt-4">
  <div class="card">
    <div class="card-header" role="tab">
      <div class="card-title">
        <div class="node" id="87"><span class="badge log fail-bg mr-2">Fail</span>Travel Insurance results</div>
      </div>
    </div>
        <div class="">
          <div class="card-body">
              <div class="step fail-bg" title="com.travel_Insurance.stepDefinitions.smokeAndRegressionStepdefination.user_is_in_results_page_of_travel_insurance()">
                <span>Given user is in results page of travel insurance</span>
      <div>
        <textarea disabled class="code-block">org.openqa.selenium.NoSuchElementException: no such element: Unable to locate element: {"method":"xpath","selector":"(//div[@class='prd-icon add shadowHandler short'])[7]"}
  (Session info: chrome=120.0.6099.130)
For documentation on this error, please visit: https://www.selenium.dev/documentation/webdriver/troubleshooting/errors#no-such-element-exception
Build info: version: '4.15.0', revision: '1d14b5521b'
System info: os.name: 'Windows 11', os.arch: 'amd64', os.version: '10.0', java.version: '17.0.9'
Driver info: org.openqa.selenium.chrome.ChromeDriver
Command: [f958acf7a86793bd6daa77b1f4c0102c, findElement {using=xpath, value=(//div[@class='prd-icon add shadowHandler short'])[7]}]
Capabilities {acceptInsecureCerts: false, browserName: chrome, browserVersion: 120.0.6099.130, chrome: {chromedriverVersion: 120.0.6099.109 (3419140ab66..., userDataDir: C:\Windows\SystemTemp\scope...}, fedcm:accounts: true, goog:chromeOptions: {debuggerAddress: localhost:55974}, networkConnectionEnabled: false, pageLoadStrategy: normal, platformName: windows, proxy: Proxy(), se:cdp: ws://localhost:55974/devtoo..., se:cdpVersion: 120.0.6099.130, setWindowRect: true, strictFileInteractability: false, timeouts: {implicit: 0, pageLoad: 300000, script: 30000}, unhandledPromptBehavior: dismiss and notify, webauthn:extension:credBlob: true, webauthn:extension:largeBlob: true, webauthn:extension:minPinLength: true, webauthn:extension:prf: true, webauthn:virtualAuthenticators: true}
Session ID: f958acf7a86793bd6daa77b1f4c0102c
	at java.base/jdk.internal.reflect.NativeConstructorAccessorImpl.newInstance0(Native Method)
	at java.base/jdk.internal.reflect.NativeConstructorAccessorImpl.newInstance(NativeConstructorAccessorImpl.java:77)
	at java.base/jdk.internal.reflect.DelegatingConstructorAccessorImpl.newInstance(DelegatingConstructorAccessorImpl.java:45)
	at java.base/java.lang.reflect.Constructor.newInstanceWithCaller(Constructor.java:499)
	at java.base/java.lang.reflect.Constructor.newInstance(Constructor.java:480)
	at org.openqa.selenium.remote.codec.w3c.W3CHttpResponseCodec.createException(W3CHttpResponseCodec.java:200)
	at org.openqa.selenium.remote.codec.w3c.W3CHttpResponseCodec.decode(W3CHttpResponseCodec.java:133)
	at org.openqa.selenium.remote.codec.w3c.W3CHttpResponseCodec.decode(W3CHttpResponseCodec.java:52)
	at org.openqa.selenium.remote.HttpCommandExecutor.execute(HttpCommandExecutor.java:191)
	at org.openqa.selenium.remote.service.DriverCommandExecutor.invokeExecute(DriverCommandExecutor.java:200)
	at org.openqa.selenium.remote.service.DriverCommandExecutor.execute(DriverCommandExecutor.java:175)
	at org.openqa.selenium.remote.RemoteWebDriver.execute(RemoteWebDriver.java:607)
	at org.openqa.selenium.remote.ElementLocation$ElementFinder$2.findElement(ElementLocation.java:165)
	at org.openqa.selenium.remote.ElementLocation.findElement(ElementLocation.java:59)
	at org.openqa.selenium.remote.RemoteWebDriver.findElement(RemoteWebDriver.java:364)
	at org.openqa.selenium.remote.RemoteWebDriver.findElement(RemoteWebDriver.java:358)
	at com.travel_Insurance.pageObjects.travelinsurancePage.travelInsButton(travelinsurancePage.java:89)
	at com.travel_Insurance.stepDefinitions.smokeAndRegressionStepdefination.user_is_in_results_page_of_travel_insurance(smokeAndRegressionStepdefination.java:172)
	at ✽.user is in results page of travel insurance(file:///C:/Users/2304125/eclipse-workspace/travel_Insurance/src/test/resources/featureFile/policyBazaarRegression.feature:5)
</textarea>
      
      </div>
              </div>
              <div class="step skip-bg" title="com.travel_Insurance.stepDefinitions.smokeAndRegressionStepdefination.user_click_on_student_plan_traveller_check_boxes_and_select_plans()">
                <span>When User click on Student plan Traveller check boxes and select plans</span>
      <div>Step skipped
      </div>
              </div>
              <div class="step skip-bg" title="com.travel_Insurance.stepDefinitions.smokeAndRegressionStepdefination.user_click_on_sort_by_button_and_selects_premium_low_to_high_dropdown_in_policy_bazaar()">
                <span>When User click on Sort by button and selects Premium low to high dropdown in policy bazaar</span>
      <div>Step skipped
      </div>
              </div>
              <div class="step skip-bg" title="com.travel_Insurance.stepDefinitions.smokeAndRegressionStepdefination.user_stores_the_details_insurance_provider_company_name_and_amount_of_first_insurance_plans(java.lang.Integer)">
                <span>And User stores the details insurance provider company name and amount of first 3 insurance plans</span>
      <div>Step skipped
      </div>
              </div>
          </div>
        </div>
  </div>
  <div class="card">
    <div class="card-header" role="tab">
      <div class="card-title">
        <div class="node" id="98"><span class="badge log fail-bg mr-2">Fail</span>Travel insurance contact details page</div>
      </div>
    </div>
        <div class="">
          <div class="card-body">
              <div class="step fail-bg" title="com.travel_Insurance.stepDefinitions.smokeAndRegressionStepdefination.user_navigates_to_contact_details_page()">
                <span>Given user navigates to contact details page</span>
      <div>
        <textarea disabled class="code-block">org.openqa.selenium.NoSuchElementException: no such element: Unable to locate element: {"method":"xpath","selector":"(//div[@class='prd-icon add shadowHandler short'])[7]"}
  (Session info: chrome=120.0.6099.130)
For documentation on this error, please visit: https://www.selenium.dev/documentation/webdriver/troubleshooting/errors#no-such-element-exception
Build info: version: '4.15.0', revision: '1d14b5521b'
System info: os.name: 'Windows 11', os.arch: 'amd64', os.version: '10.0', java.version: '17.0.9'
Driver info: org.openqa.selenium.chrome.ChromeDriver
Command: [801e4048eba86fe700beb8209f5c6e32, findElement {using=xpath, value=(//div[@class='prd-icon add shadowHandler short'])[7]}]
Capabilities {acceptInsecureCerts: false, browserName: chrome, browserVersion: 120.0.6099.130, chrome: {chromedriverVersion: 120.0.6099.109 (3419140ab66..., userDataDir: C:\Windows\SystemTemp\scope...}, fedcm:accounts: true, goog:chromeOptions: {debuggerAddress: localhost:56018}, networkConnectionEnabled: false, pageLoadStrategy: normal, platformName: windows, proxy: Proxy(), se:cdp: ws://localhost:56018/devtoo..., se:cdpVersion: 120.0.6099.130, setWindowRect: true, strictFileInteractability: false, timeouts: {implicit: 0, pageLoad: 300000, script: 30000}, unhandledPromptBehavior: dismiss and notify, webauthn:extension:credBlob: true, webauthn:extension:largeBlob: true, webauthn:extension:minPinLength: true, webauthn:extension:prf: true, webauthn:virtualAuthenticators: true}
Session ID: 801e4048eba86fe700beb8209f5c6e32
	at java.base/jdk.internal.reflect.NativeConstructorAccessorImpl.newInstance0(Native Method)
	at java.base/jdk.internal.reflect.NativeConstructorAccessorImpl.newInstance(NativeConstructorAccessorImpl.java:77)
	at java.base/jdk.internal.reflect.DelegatingConstructorAccessorImpl.newInstance(DelegatingConstructorAccessorImpl.java:45)
	at java.base/java.lang.reflect.Constructor.newInstanceWithCaller(Constructor.java:499)
	at java.base/java.lang.reflect.Constructor.newInstance(Constructor.java:480)
	at org.openqa.selenium.remote.codec.w3c.W3CHttpResponseCodec.createException(W3CHttpResponseCodec.java:200)
	at org.openqa.selenium.remote.codec.w3c.W3CHttpResponseCodec.decode(W3CHttpResponseCodec.java:133)
	at org.openqa.selenium.remote.codec.w3c.W3CHttpResponseCodec.decode(W3CHttpResponseCodec.java:52)
	at org.openqa.selenium.remote.HttpCommandExecutor.execute(HttpCommandExecutor.java:191)
	at org.openqa.selenium.remote.service.DriverCommandExecutor.invokeExecute(DriverCommandExecutor.java:200)
	at org.openqa.selenium.remote.service.DriverCommandExecutor.execute(DriverCommandExecutor.java:175)
	at org.openqa.selenium.remote.RemoteWebDriver.execute(RemoteWebDriver.java:607)
	at org.openqa.selenium.remote.ElementLocation$ElementFinder$2.findElement(ElementLocation.java:165)
	at org.openqa.selenium.remote.ElementLocation.findElement(ElementLocation.java:59)
	at org.openqa.selenium.remote.RemoteWebDriver.findElement(RemoteWebDriver.java:364)
	at org.openqa.selenium.remote.RemoteWebDriver.findElement(RemoteWebDriver.java:358)
	at com.travel_Insurance.pageObjects.travelinsurancePage.travelInsButton(travelinsurancePage.java:89)
	at com.travel_Insurance.stepDefinitions.smokeAndRegressionStepdefination.user_navigates_to_contact_details_page(smokeAndRegressionStepdefination.java:138)
	at ✽.user navigates to contact details page(file:///C:/Users/2304125/eclipse-workspace/travel_Insurance/src/test/resources/featureFile/policyBazaarRegression.feature:12)
</textarea>
      
      </div>
              </div>
              <div class="step skip-bg" title="com.travel_Insurance.stepDefinitions.smokeAndRegressionStepdefination.user_enters_invalid_phone_number()">
                <span>When user enters invalid phone number</span>
      <div>Step skipped
      </div>
              </div>
              <div class="step skip-bg" title="com.travel_Insurance.stepDefinitions.smokeAndRegressionStepdefination.user_captures_error_message_displayed()">
                <span>Then user captures error message displayed</span>
      <div>Step skipped
      </div>
              </div>
          </div>
        </div>
  </div>
  <div class="card">
    <div class="card-header" role="tab">
      <div class="card-title">
        <div class="node" id="107"><span class="badge log fail-bg mr-2">Fail</span>Health Insurances results</div>
      </div>
    </div>
        <div class="">
          <div class="card-body">
              <div class="step fail-bg" title="com.travel_Insurance.stepDefinitions.healthInsuranceStepdefination.user_navigates_to_health_insurances_details_page()">
                <span>Given user navigates to health insurances details page</span>
      <div>
        <textarea disabled class="code-block">org.openqa.selenium.NoSuchElementException: no such element: Unable to locate element: {"method":"xpath","selector":"//li[@class="ruby-menu-mega shade mr"]"}
  (Session info: chrome=120.0.6099.130)
For documentation on this error, please visit: https://www.selenium.dev/documentation/webdriver/troubleshooting/errors#no-such-element-exception
Build info: version: '4.15.0', revision: '1d14b5521b'
System info: os.name: 'Windows 11', os.arch: 'amd64', os.version: '10.0', java.version: '17.0.9'
Driver info: org.openqa.selenium.chrome.ChromeDriver
Command: [50ed4da8ae196d10da399ddd1660c451, findElement {using=xpath, value=//li[@class="ruby-menu-mega shade mr"]}]
Capabilities {acceptInsecureCerts: false, browserName: chrome, browserVersion: 120.0.6099.130, chrome: {chromedriverVersion: 120.0.6099.109 (3419140ab66..., userDataDir: C:\Windows\SystemTemp\scope...}, fedcm:accounts: true, goog:chromeOptions: {debuggerAddress: localhost:56059}, networkConnectionEnabled: false, pageLoadStrategy: normal, platformName: windows, proxy: Proxy(), se:cdp: ws://localhost:56059/devtoo..., se:cdpVersion: 120.0.6099.130, setWindowRect: true, strictFileInteractability: false, timeouts: {implicit: 0, pageLoad: 300000, script: 30000}, unhandledPromptBehavior: dismiss and notify, webauthn:extension:credBlob: true, webauthn:extension:largeBlob: true, webauthn:extension:minPinLength: true, webauthn:extension:prf: true, webauthn:virtualAuthenticators: true}
Session ID: 50ed4da8ae196d10da399ddd1660c451
	at java.base/jdk.internal.reflect.NativeConstructorAccessorImpl.newInstance0(Native Method)
	at java.base/jdk.internal.reflect.NativeConstructorAccessorImpl.newInstance(NativeConstructorAccessorImpl.java:77)
	at java.base/jdk.internal.reflect.DelegatingConstructorAccessorImpl.newInstance(DelegatingConstructorAccessorImpl.java:45)
	at java.base/java.lang.reflect.Constructor.newInstanceWithCaller(Constructor.java:499)
	at java.base/java.lang.reflect.Constructor.newInstance(Constructor.java:480)
	at org.openqa.selenium.remote.codec.w3c.W3CHttpResponseCodec.createException(W3CHttpResponseCodec.java:200)
	at org.openqa.selenium.remote.codec.w3c.W3CHttpResponseCodec.decode(W3CHttpResponseCodec.java:133)
	at org.openqa.selenium.remote.codec.w3c.W3CHttpResponseCodec.decode(W3CHttpResponseCodec.java:52)
	at org.openqa.selenium.remote.HttpCommandExecutor.execute(HttpCommandExecutor.java:191)
	at org.openqa.selenium.remote.service.DriverCommandExecutor.invokeExecute(DriverCommandExecutor.java:200)
	at org.openqa.selenium.remote.service.DriverCommandExecutor.execute(DriverCommandExecutor.java:175)
	at org.openqa.selenium.remote.RemoteWebDriver.execute(RemoteWebDriver.java:607)
	at org.openqa.selenium.remote.ElementLocation$ElementFinder$2.findElement(ElementLocation.java:165)
	at org.openqa.selenium.remote.ElementLocation.findElement(ElementLocation.java:59)
	at org.openqa.selenium.remote.RemoteWebDriver.findElement(RemoteWebDriver.java:364)
	at org.openqa.selenium.remote.RemoteWebDriver.findElement(RemoteWebDriver.java:358)
	at com.travel_Insurance.pageObjects.healthInsurancePage.insProddpdn(healthInsurancePage.java:52)
	at com.travel_Insurance.stepDefinitions.healthInsuranceStepdefination.user_navigates_to_health_insurances_details_page(healthInsuranceStepdefination.java:103)
	at ✽.user navigates to health insurances details page(file:///C:/Users/2304125/eclipse-workspace/travel_Insurance/src/test/resources/featureFile/policyBazaarRegression.feature:18)
</textarea>
      
      </div>
              </div>
              <div class="step skip-bg" title="com.travel_Insurance.stepDefinitions.healthInsuranceStepdefination.sort_results_as_low_to_high_and_capture_the_first_three_insurance_packages_and_providers()">
                <span>Then sort results as low to high and capture the first three insurance packages and providers</span>
      <div>Step skipped
      </div>
              </div>
          </div>
        </div>
  </div>
  <div class="card">
    <div class="card-header" role="tab">
      <div class="card-title">
        <div class="node" id="114"><span class="badge log fail-bg mr-2">Fail</span>Health insurance positive contact page</div>
      </div>
    </div>
        <div class="">
          <div class="card-body">
              <div class="step fail-bg" title="com.travel_Insurance.stepDefinitions.smokeAndRegressionStepdefination.user_navigates_to_city_page()">
                <span>Given user navigates to city page</span>
      <div>
        <textarea disabled class="code-block">org.openqa.selenium.NoSuchElementException: no such element: Unable to locate element: {"method":"xpath","selector":"//li[@class="ruby-menu-mega shade mr"]"}
  (Session info: chrome=120.0.6099.130)
For documentation on this error, please visit: https://www.selenium.dev/documentation/webdriver/troubleshooting/errors#no-such-element-exception
Build info: version: '4.15.0', revision: '1d14b5521b'
System info: os.name: 'Windows 11', os.arch: 'amd64', os.version: '10.0', java.version: '17.0.9'
Driver info: org.openqa.selenium.chrome.ChromeDriver
Command: [1cc033372d2b0c0d0d9697769429d51a, findElement {using=xpath, value=//li[@class="ruby-menu-mega shade mr"]}]
Capabilities {acceptInsecureCerts: false, browserName: chrome, browserVersion: 120.0.6099.130, chrome: {chromedriverVersion: 120.0.6099.109 (3419140ab66..., userDataDir: C:\Windows\SystemTemp\scope...}, fedcm:accounts: true, goog:chromeOptions: {debuggerAddress: localhost:56100}, networkConnectionEnabled: false, pageLoadStrategy: normal, platformName: windows, proxy: Proxy(), se:cdp: ws://localhost:56100/devtoo..., se:cdpVersion: 120.0.6099.130, setWindowRect: true, strictFileInteractability: false, timeouts: {implicit: 0, pageLoad: 300000, script: 30000}, unhandledPromptBehavior: dismiss and notify, webauthn:extension:credBlob: true, webauthn:extension:largeBlob: true, webauthn:extension:minPinLength: true, webauthn:extension:prf: true, webauthn:virtualAuthenticators: true}
Session ID: 1cc033372d2b0c0d0d9697769429d51a
	at java.base/jdk.internal.reflect.NativeConstructorAccessorImpl.newInstance0(Native Method)
	at java.base/jdk.internal.reflect.NativeConstructorAccessorImpl.newInstance(NativeConstructorAccessorImpl.java:77)
	at java.base/jdk.internal.reflect.DelegatingConstructorAccessorImpl.newInstance(DelegatingConstructorAccessorImpl.java:45)
	at java.base/java.lang.reflect.Constructor.newInstanceWithCaller(Constructor.java:499)
	at java.base/java.lang.reflect.Constructor.newInstance(Constructor.java:480)
	at org.openqa.selenium.remote.codec.w3c.W3CHttpResponseCodec.createException(W3CHttpResponseCodec.java:200)
	at org.openqa.selenium.remote.codec.w3c.W3CHttpResponseCodec.decode(W3CHttpResponseCodec.java:133)
	at org.openqa.selenium.remote.codec.w3c.W3CHttpResponseCodec.decode(W3CHttpResponseCodec.java:52)
	at org.openqa.selenium.remote.HttpCommandExecutor.execute(HttpCommandExecutor.java:191)
	at org.openqa.selenium.remote.service.DriverCommandExecutor.invokeExecute(DriverCommandExecutor.java:200)
	at org.openqa.selenium.remote.service.DriverCommandExecutor.execute(DriverCommandExecutor.java:175)
	at org.openqa.selenium.remote.RemoteWebDriver.execute(RemoteWebDriver.java:607)
	at org.openqa.selenium.remote.ElementLocation$ElementFinder$2.findElement(ElementLocation.java:165)
	at org.openqa.selenium.remote.ElementLocation.findElement(ElementLocation.java:59)
	at org.openqa.selenium.remote.RemoteWebDriver.findElement(RemoteWebDriver.java:364)
	at org.openqa.selenium.remote.RemoteWebDriver.findElement(RemoteWebDriver.java:358)
	at com.travel_Insurance.pageObjects.healthInsurancePage.insProddpdn(healthInsurancePage.java:52)
	at com.travel_Insurance.stepDefinitions.smokeAndRegressionStepdefination.user_navigates_to_city_page(smokeAndRegressionStepdefination.java:434)
	at ✽.user navigates to city page(file:///C:/Users/2304125/eclipse-workspace/travel_Insurance/src/test/resources/featureFile/policyBazaarRegression.feature:23)
</textarea>
      
      </div>
              </div>
              <div class="step skip-bg" title="com.travel_Insurance.stepDefinitions.smokeAndRegressionStepdefination.user_enters_valid_name_and_invalid_phone_number_in_textboxes_in_health_contact_details()">
                <span>When user enters valid name and invalid phone number in textboxes in health contact details</span>
      <div>Step skipped
      </div>
              </div>
              <div class="step skip-bg" title="com.travel_Insurance.stepDefinitions.smokeAndRegressionStepdefination.user_clicks_on_continue_button_in_contact_page()">
                <span>When user clicks on continue button in contact page</span>
      <div>Step skipped
      </div>
              </div>
          </div>
        </div>
  </div>
</div>
          </div>
        </li>
        <li class="test-item"  status="fail" test-id="123"
          author=""
          tag=""
          device="">
          <div class="test-detail">
            <p class="name">Insurances_smoke</p>
            <p class="text-sm">
              <span>1:50:12 pm</span> / <span>00:08:01:981</span>
              <span class="badge fail-bg log float-right">Fail</span>
            </p>
          </div>
          <div class="test-contents d-none">
<div class="detail-head">
<div class="p-v-10">
<div class="info">
<h5 class="test-status text-fail">Insurances_smoke</h5>
<span class='badge badge-success'>02.29.2024 1:50:12 pm</span>
<span class='badge badge-danger'>02.29.2024 1:58:14 pm</span>
<span class='badge badge-default'>00:08:01:981</span>
&middot; <span class='uri-anchor badge badge-default'>#test-id=123</span>
<span title='Skip to the next failed step' class='badge badge-danger pointer float-right ne ml-1'><i class="fa fa-fast-forward"></i></span>
<span title='Collapse all nodes' class='badge badge-default pointer float-right ct ml-1'><i class="fa fa-compress"></i></span>
<span title='Expand all nodes' class='badge badge-default pointer float-right et'><i class="fa fa-expand"></i></span>
</div>
<div class="m-t-10 m-l-5"></div>
</div>
</div>
<div class="accordion mt-4">
  <div class="card">
    <div class="card-header" role="tab">
      <div class="card-title">
        <div class="node" id="124"><span class="badge log fail-bg mr-2">Fail</span>Travel insurance home page</div>
          <div class="status-avatar float-right mr-4">
            <i class="fa fa-paperclip"></i>
          </div>
      </div>
    </div>
        <div class="scenario_outline ">
            <div class="card-body l1">
              <div class="card-header">
                <div class="card-title outline-child">
                  <div class="node" id="125"><span class="badge log fail-bg mr-2">Fail</span>Travel insurance home page</div>
                    <div class="status-avatar float-right">
                      <i class="fa fa-paperclip"></i>
                    </div>
                </div>
              </div>
              <div class="card-body mt-3 ">
                  <div class="step pass-bg">
                    <span>Given user navigates policy bazaar homepage</span>
      <div>
      </div>
                  </div>
                  <div class="step pass-bg">
                    <span>com.travel_Insurance.stepDefinitions.hooks.addScreenshot(io.cucumber.java.Scenario)</span>
      <div>Travel insurance home page
          <div class="row mb-3"><div class="col-md-3">
<img data-featherlight='../Screenshots/embedded8.png' src="../Screenshots/embedded8.png">
    
    </div></div>
</div>
      <div>
      </div>
                  </div>
                  <div class="step fail-bg">
                    <span>When user clicked on travel insurance link and navigated to destination page</span>
      <div>
        <textarea disabled class="code-block">org.openqa.selenium.NoSuchElementException: no such element: Unable to locate element: {"method":"xpath","selector":"(//div[@class='prd-icon add shadowHandler short'])[7]"}
  (Session info: chrome=120.0.6099.130)
For documentation on this error, please visit: https://www.selenium.dev/documentation/webdriver/troubleshooting/errors#no-such-element-exception
Build info: version: '4.15.0', revision: '1d14b5521b'
System info: os.name: 'Windows 11', os.arch: 'amd64', os.version: '10.0', java.version: '17.0.9'
Driver info: org.openqa.selenium.chrome.ChromeDriver
Command: [aa903a65c94d8562115370e6e3df3a18, findElement {using=xpath, value=(//div[@class='prd-icon add shadowHandler short'])[7]}]
Capabilities {acceptInsecureCerts: false, browserName: chrome, browserVersion: 120.0.6099.130, chrome: {chromedriverVersion: 120.0.6099.109 (3419140ab66..., userDataDir: C:\Windows\SystemTemp\scope...}, fedcm:accounts: true, goog:chromeOptions: {debuggerAddress: localhost:56143}, networkConnectionEnabled: false, pageLoadStrategy: normal, platformName: windows, proxy: Proxy(), se:cdp: ws://localhost:56143/devtoo..., se:cdpVersion: 120.0.6099.130, setWindowRect: true, strictFileInteractability: false, timeouts: {implicit: 0, pageLoad: 300000, script: 30000}, unhandledPromptBehavior: dismiss and notify, webauthn:extension:credBlob: true, webauthn:extension:largeBlob: true, webauthn:extension:minPinLength: true, webauthn:extension:prf: true, webauthn:virtualAuthenticators: true}
Session ID: aa903a65c94d8562115370e6e3df3a18
	at java.base/jdk.internal.reflect.NativeConstructorAccessorImpl.newInstance0(Native Method)
	at java.base/jdk.internal.reflect.NativeConstructorAccessorImpl.newInstance(NativeConstructorAccessorImpl.java:77)
	at java.base/jdk.internal.reflect.DelegatingConstructorAccessorImpl.newInstance(DelegatingConstructorAccessorImpl.java:45)
	at java.base/java.lang.reflect.Constructor.newInstanceWithCaller(Constructor.java:499)
	at java.base/java.lang.reflect.Constructor.newInstance(Constructor.java:480)
	at org.openqa.selenium.remote.codec.w3c.W3CHttpResponseCodec.createException(W3CHttpResponseCodec.java:200)
	at org.openqa.selenium.remote.codec.w3c.W3CHttpResponseCodec.decode(W3CHttpResponseCodec.java:133)
	at org.openqa.selenium.remote.codec.w3c.W3CHttpResponseCodec.decode(W3CHttpResponseCodec.java:52)
	at org.openqa.selenium.remote.HttpCommandExecutor.execute(HttpCommandExecutor.java:191)
	at org.openqa.selenium.remote.service.DriverCommandExecutor.invokeExecute(DriverCommandExecutor.java:200)
	at org.openqa.selenium.remote.service.DriverCommandExecutor.execute(DriverCommandExecutor.java:175)
	at org.openqa.selenium.remote.RemoteWebDriver.execute(RemoteWebDriver.java:607)
	at org.openqa.selenium.remote.ElementLocation$ElementFinder$2.findElement(ElementLocation.java:165)
	at org.openqa.selenium.remote.ElementLocation.findElement(ElementLocation.java:59)
	at org.openqa.selenium.remote.RemoteWebDriver.findElement(RemoteWebDriver.java:364)
	at org.openqa.selenium.remote.RemoteWebDriver.findElement(RemoteWebDriver.java:358)
	at com.travel_Insurance.pageObjects.travelinsurancePage.travelInsButton(travelinsurancePage.java:89)
	at com.travel_Insurance.stepDefinitions.smokeAndRegressionStepdefination.user_clicked_on_travel_insurance_link_and_navigated_to_destination_page(smokeAndRegressionStepdefination.java:37)
	at ✽.user clicked on travel insurance link and navigated to destination page(file:///C:/Users/2304125/eclipse-workspace/travel_Insurance/src/test/resources/featureFile/policybazaarSmoke.feature:6)
</textarea>
      
      </div>
                  </div>
                  <div class="step skip-bg">
                    <span>When user Entered valid destination "Italy" in text box</span>
      <div>Step skipped
      </div>
                  </div>
                  <div class="step skip-bg">
                    <span>Then user selects the place from dropdown and clicks next button1</span>
      <div>Step skipped
      </div>
                  </div>
              </div>
            </div>
        </div>
  </div>
  <div class="card">
    <div class="card-header" role="tab">
      <div class="card-title">
        <div class="node" id="136"><span class="badge log fail-bg mr-2">Fail</span>Travel insurance trip date page</div>
      </div>
    </div>
        <div class="">
          <div class="card-body">
              <div class="step fail-bg" title="com.travel_Insurance.stepDefinitions.smokeAndRegressionStepdefination.user_navigates_to_trip_dates_page()">
                <span>Given user navigates to trip dates page</span>
      <div>
        <textarea disabled class="code-block">org.openqa.selenium.NoSuchElementException: no such element: Unable to locate element: {"method":"xpath","selector":"(//div[@class='prd-icon add shadowHandler short'])[7]"}
  (Session info: chrome=120.0.6099.130)
For documentation on this error, please visit: https://www.selenium.dev/documentation/webdriver/troubleshooting/errors#no-such-element-exception
Build info: version: '4.15.0', revision: '1d14b5521b'
System info: os.name: 'Windows 11', os.arch: 'amd64', os.version: '10.0', java.version: '17.0.9'
Driver info: org.openqa.selenium.chrome.ChromeDriver
Command: [850d5328fa9fe1b0e02cd8f56301412d, findElement {using=xpath, value=(//div[@class='prd-icon add shadowHandler short'])[7]}]
Capabilities {acceptInsecureCerts: false, browserName: chrome, browserVersion: 120.0.6099.130, chrome: {chromedriverVersion: 120.0.6099.109 (3419140ab66..., userDataDir: C:\Windows\SystemTemp\scope...}, fedcm:accounts: true, goog:chromeOptions: {debuggerAddress: localhost:56196}, networkConnectionEnabled: false, pageLoadStrategy: normal, platformName: windows, proxy: Proxy(), se:cdp: ws://localhost:56196/devtoo..., se:cdpVersion: 120.0.6099.130, setWindowRect: true, strictFileInteractability: false, timeouts: {implicit: 0, pageLoad: 300000, script: 30000}, unhandledPromptBehavior: dismiss and notify, webauthn:extension:credBlob: true, webauthn:extension:largeBlob: true, webauthn:extension:minPinLength: true, webauthn:extension:prf: true, webauthn:virtualAuthenticators: true}
Session ID: 850d5328fa9fe1b0e02cd8f56301412d
	at java.base/jdk.internal.reflect.NativeConstructorAccessorImpl.newInstance0(Native Method)
	at java.base/jdk.internal.reflect.NativeConstructorAccessorImpl.newInstance(NativeConstructorAccessorImpl.java:77)
	at java.base/jdk.internal.reflect.DelegatingConstructorAccessorImpl.newInstance(DelegatingConstructorAccessorImpl.java:45)
	at java.base/java.lang.reflect.Constructor.newInstanceWithCaller(Constructor.java:499)
	at java.base/java.lang.reflect.Constructor.newInstance(Constructor.java:480)
	at org.openqa.selenium.remote.codec.w3c.W3CHttpResponseCodec.createException(W3CHttpResponseCodec.java:200)
	at org.openqa.selenium.remote.codec.w3c.W3CHttpResponseCodec.decode(W3CHttpResponseCodec.java:133)
	at org.openqa.selenium.remote.codec.w3c.W3CHttpResponseCodec.decode(W3CHttpResponseCodec.java:52)
	at org.openqa.selenium.remote.HttpCommandExecutor.execute(HttpCommandExecutor.java:191)
	at org.openqa.selenium.remote.service.DriverCommandExecutor.invokeExecute(DriverCommandExecutor.java:200)
	at org.openqa.selenium.remote.service.DriverCommandExecutor.execute(DriverCommandExecutor.java:175)
	at org.openqa.selenium.remote.RemoteWebDriver.execute(RemoteWebDriver.java:607)
	at org.openqa.selenium.remote.ElementLocation$ElementFinder$2.findElement(ElementLocation.java:165)
	at org.openqa.selenium.remote.ElementLocation.findElement(ElementLocation.java:59)
	at org.openqa.selenium.remote.RemoteWebDriver.findElement(RemoteWebDriver.java:364)
	at org.openqa.selenium.remote.RemoteWebDriver.findElement(RemoteWebDriver.java:358)
	at com.travel_Insurance.pageObjects.travelinsurancePage.travelInsButton(travelinsurancePage.java:89)
	at com.travel_Insurance.stepDefinitions.smokeAndRegressionStepdefination.user_navigates_to_trip_dates_page(smokeAndRegressionStepdefination.java:61)
	at ✽.user navigates to trip dates page(file:///C:/Users/2304125/eclipse-workspace/travel_Insurance/src/test/resources/featureFile/policybazaarSmoke.feature:16)
</textarea>
      
      </div>
              </div>
              <div class="step skip-bg" title="com.travel_Insurance.stepDefinitions.smokeAndRegressionStepdefination.user_selects_the_start_and_end_dates_from_the_calender(java.lang.String,java.lang.String,java.lang.String,java.lang.String)">
                <span>When user selects the start and end dates from the calender "<smonthyear>""<sdate>""<emonthyear>""<edate>"</span>
      <div>Step skipped
      </div>
              </div>
              <div class="step skip-bg" title="com.travel_Insurance.stepDefinitions.smokeAndRegressionStepdefination.clicks_on_next_button_in_tripdate_page(io.cucumber.datatable.DataTable)">
                <span>And clicks on next button in tripdate page</span>
      <div><table class='markup-table table '><tr><td>smonthyear</td><td>sdate</td><td>emonthyear</td><td>edate</td></tr><tr><td>March 2024</td><td>24</td><td>April 2024</td><td>24</td></tr></table>
      </div>
      <div>Step skipped
      </div>
              </div>
          </div>
        </div>
  </div>
  <div class="card">
    <div class="card-header" role="tab">
      <div class="card-title">
        <div class="node" id="145"><span class="badge log fail-bg mr-2">Fail</span>Travel insurance traveller page</div>
      </div>
    </div>
        <div class="">
          <div class="card-body">
              <div class="step fail-bg" title="com.travel_Insurance.stepDefinitions.smokeAndRegressionStepdefination.user_navigates_to_traveller_page()">
                <span>Given user navigates to traveller page</span>
      <div>
        <textarea disabled class="code-block">org.openqa.selenium.NoSuchElementException: no such element: Unable to locate element: {"method":"xpath","selector":"(//div[@class='prd-icon add shadowHandler short'])[7]"}
  (Session info: chrome=120.0.6099.130)
For documentation on this error, please visit: https://www.selenium.dev/documentation/webdriver/troubleshooting/errors#no-such-element-exception
Build info: version: '4.15.0', revision: '1d14b5521b'
System info: os.name: 'Windows 11', os.arch: 'amd64', os.version: '10.0', java.version: '17.0.9'
Driver info: org.openqa.selenium.chrome.ChromeDriver
Command: [2235110af053d5e2b02d0c291f35f82a, findElement {using=xpath, value=(//div[@class='prd-icon add shadowHandler short'])[7]}]
Capabilities {acceptInsecureCerts: false, browserName: chrome, browserVersion: 120.0.6099.130, chrome: {chromedriverVersion: 120.0.6099.109 (3419140ab66..., userDataDir: C:\Windows\SystemTemp\scope...}, fedcm:accounts: true, goog:chromeOptions: {debuggerAddress: localhost:56237}, networkConnectionEnabled: false, pageLoadStrategy: normal, platformName: windows, proxy: Proxy(), se:cdp: ws://localhost:56237/devtoo..., se:cdpVersion: 120.0.6099.130, setWindowRect: true, strictFileInteractability: false, timeouts: {implicit: 0, pageLoad: 300000, script: 30000}, unhandledPromptBehavior: dismiss and notify, webauthn:extension:credBlob: true, webauthn:extension:largeBlob: true, webauthn:extension:minPinLength: true, webauthn:extension:prf: true, webauthn:virtualAuthenticators: true}
Session ID: 2235110af053d5e2b02d0c291f35f82a
	at java.base/jdk.internal.reflect.NativeConstructorAccessorImpl.newInstance0(Native Method)
	at java.base/jdk.internal.reflect.NativeConstructorAccessorImpl.newInstance(NativeConstructorAccessorImpl.java:77)
	at java.base/jdk.internal.reflect.DelegatingConstructorAccessorImpl.newInstance(DelegatingConstructorAccessorImpl.java:45)
	at java.base/java.lang.reflect.Constructor.newInstanceWithCaller(Constructor.java:499)
	at java.base/java.lang.reflect.Constructor.newInstance(Constructor.java:480)
	at org.openqa.selenium.remote.codec.w3c.W3CHttpResponseCodec.createException(W3CHttpResponseCodec.java:200)
	at org.openqa.selenium.remote.codec.w3c.W3CHttpResponseCodec.decode(W3CHttpResponseCodec.java:133)
	at org.openqa.selenium.remote.codec.w3c.W3CHttpResponseCodec.decode(W3CHttpResponseCodec.java:52)
	at org.openqa.selenium.remote.HttpCommandExecutor.execute(HttpCommandExecutor.java:191)
	at org.openqa.selenium.remote.service.DriverCommandExecutor.invokeExecute(DriverCommandExecutor.java:200)
	at org.openqa.selenium.remote.service.DriverCommandExecutor.execute(DriverCommandExecutor.java:175)
	at org.openqa.selenium.remote.RemoteWebDriver.execute(RemoteWebDriver.java:607)
	at org.openqa.selenium.remote.ElementLocation$ElementFinder$2.findElement(ElementLocation.java:165)
	at org.openqa.selenium.remote.ElementLocation.findElement(ElementLocation.java:59)
	at org.openqa.selenium.remote.RemoteWebDriver.findElement(RemoteWebDriver.java:364)
	at org.openqa.selenium.remote.RemoteWebDriver.findElement(RemoteWebDriver.java:358)
	at com.travel_Insurance.pageObjects.travelinsurancePage.travelInsButton(travelinsurancePage.java:89)
	at com.travel_Insurance.stepDefinitions.smokeAndRegressionStepdefination.user_navigates_to_traveller_page(smokeAndRegressionStepdefination.java:87)
	at ✽.user navigates to traveller page(file:///C:/Users/2304125/eclipse-workspace/travel_Insurance/src/test/resources/featureFile/policybazaarSmoke.feature:24)
</textarea>
      
      </div>
              </div>
              <div class="step skip-bg" title="com.travel_Insurance.stepDefinitions.smokeAndRegressionStepdefination.user_selects_people(java.lang.String)">
                <span>When user selects "2" people</span>
      <div>Step skipped
      </div>
              </div>
              <div class="step skip-bg" title="com.travel_Insurance.stepDefinitions.smokeAndRegressionStepdefination.selects_their_respective_ages()">
                <span>And selects their respective ages</span>
      <div>Step skipped
      </div>
              </div>
              <div class="step skip-bg" title="com.travel_Insurance.stepDefinitions.smokeAndRegressionStepdefination.clicks_on_next_button_in_traveller_page()">
                <span>Then clicks on next button in traveller page</span>
      <div>Step skipped
      </div>
              </div>
          </div>
        </div>
  </div>
  <div class="card">
    <div class="card-header" role="tab">
      <div class="card-title">
        <div class="node" id="156"><span class="badge log fail-bg mr-2">Fail</span>Travel insurance medical history page</div>
      </div>
    </div>
        <div class="">
          <div class="card-body">
              <div class="step fail-bg" title="com.travel_Insurance.stepDefinitions.smokeAndRegressionStepdefination.user_navigates_to_medical_history_page()">
                <span>Given user navigates to medical history page</span>
      <div>
        <textarea disabled class="code-block">org.openqa.selenium.NoSuchElementException: no such element: Unable to locate element: {"method":"xpath","selector":"(//div[@class='prd-icon add shadowHandler short'])[7]"}
  (Session info: chrome=120.0.6099.130)
For documentation on this error, please visit: https://www.selenium.dev/documentation/webdriver/troubleshooting/errors#no-such-element-exception
Build info: version: '4.15.0', revision: '1d14b5521b'
System info: os.name: 'Windows 11', os.arch: 'amd64', os.version: '10.0', java.version: '17.0.9'
Driver info: org.openqa.selenium.chrome.ChromeDriver
Command: [c92602d2c63f0f5c93671c9bd6016ee4, findElement {using=xpath, value=(//div[@class='prd-icon add shadowHandler short'])[7]}]
Capabilities {acceptInsecureCerts: false, browserName: chrome, browserVersion: 120.0.6099.130, chrome: {chromedriverVersion: 120.0.6099.109 (3419140ab66..., userDataDir: C:\Windows\SystemTemp\scope...}, fedcm:accounts: true, goog:chromeOptions: {debuggerAddress: localhost:56278}, networkConnectionEnabled: false, pageLoadStrategy: normal, platformName: windows, proxy: Proxy(), se:cdp: ws://localhost:56278/devtoo..., se:cdpVersion: 120.0.6099.130, setWindowRect: true, strictFileInteractability: false, timeouts: {implicit: 0, pageLoad: 300000, script: 30000}, unhandledPromptBehavior: dismiss and notify, webauthn:extension:credBlob: true, webauthn:extension:largeBlob: true, webauthn:extension:minPinLength: true, webauthn:extension:prf: true, webauthn:virtualAuthenticators: true}
Session ID: c92602d2c63f0f5c93671c9bd6016ee4
	at java.base/jdk.internal.reflect.NativeConstructorAccessorImpl.newInstance0(Native Method)
	at java.base/jdk.internal.reflect.NativeConstructorAccessorImpl.newInstance(NativeConstructorAccessorImpl.java:77)
	at java.base/jdk.internal.reflect.DelegatingConstructorAccessorImpl.newInstance(DelegatingConstructorAccessorImpl.java:45)
	at java.base/java.lang.reflect.Constructor.newInstanceWithCaller(Constructor.java:499)
	at java.base/java.lang.reflect.Constructor.newInstance(Constructor.java:480)
	at org.openqa.selenium.remote.codec.w3c.W3CHttpResponseCodec.createException(W3CHttpResponseCodec.java:200)
	at org.openqa.selenium.remote.codec.w3c.W3CHttpResponseCodec.decode(W3CHttpResponseCodec.java:133)
	at org.openqa.selenium.remote.codec.w3c.W3CHttpResponseCodec.decode(W3CHttpResponseCodec.java:52)
	at org.openqa.selenium.remote.HttpCommandExecutor.execute(HttpCommandExecutor.java:191)
	at org.openqa.selenium.remote.service.DriverCommandExecutor.invokeExecute(DriverCommandExecutor.java:200)
	at org.openqa.selenium.remote.service.DriverCommandExecutor.execute(DriverCommandExecutor.java:175)
	at org.openqa.selenium.remote.RemoteWebDriver.execute(RemoteWebDriver.java:607)
	at org.openqa.selenium.remote.ElementLocation$ElementFinder$2.findElement(ElementLocation.java:165)
	at org.openqa.selenium.remote.ElementLocation.findElement(ElementLocation.java:59)
	at org.openqa.selenium.remote.RemoteWebDriver.findElement(RemoteWebDriver.java:364)
	at org.openqa.selenium.remote.RemoteWebDriver.findElement(RemoteWebDriver.java:358)
	at com.travel_Insurance.pageObjects.travelinsurancePage.travelInsButton(travelinsurancePage.java:89)
	at com.travel_Insurance.stepDefinitions.smokeAndRegressionStepdefination.user_navigates_to_medical_history_page(smokeAndRegressionStepdefination.java:113)
	at ✽.user navigates to medical history page(file:///C:/Users/2304125/eclipse-workspace/travel_Insurance/src/test/resources/featureFile/policybazaarSmoke.feature:31)
</textarea>
      
      </div>
              </div>
              <div class="step skip-bg" title="com.travel_Insurance.stepDefinitions.smokeAndRegressionStepdefination.user_select_either_of_value_i_e_yes_no()">
                <span>When user select either of value i.e yes/no</span>
      <div>Step skipped
      </div>
              </div>
              <div class="step skip-bg" title="com.travel_Insurance.stepDefinitions.smokeAndRegressionStepdefination.clicks_on_next_button_in_medical_history()">
                <span>Then clicks on next button in medical history</span>
      <div>Step skipped
      </div>
              </div>
          </div>
        </div>
  </div>
  <div class="card">
    <div class="card-header" role="tab">
      <div class="card-title">
        <div class="node" id="165"><span class="badge log fail-bg mr-2">Fail</span>Travel insurance results page</div>
      </div>
    </div>
        <div class="">
          <div class="card-body">
              <div class="step fail-bg" title="com.travel_Insurance.stepDefinitions.smokeAndRegressionStepdefination.user_navigates_to_contact_details_page()">
                <span>Given user navigates to contact details page</span>
      <div>
        <textarea disabled class="code-block">org.openqa.selenium.NoSuchElementException: no such element: Unable to locate element: {"method":"xpath","selector":"(//div[@class='prd-icon add shadowHandler short'])[7]"}
  (Session info: chrome=120.0.6099.130)
For documentation on this error, please visit: https://www.selenium.dev/documentation/webdriver/troubleshooting/errors#no-such-element-exception
Build info: version: '4.15.0', revision: '1d14b5521b'
System info: os.name: 'Windows 11', os.arch: 'amd64', os.version: '10.0', java.version: '17.0.9'
Driver info: org.openqa.selenium.chrome.ChromeDriver
Command: [7db87ec85045ab3a36de0f3b9538f040, findElement {using=xpath, value=(//div[@class='prd-icon add shadowHandler short'])[7]}]
Capabilities {acceptInsecureCerts: false, browserName: chrome, browserVersion: 120.0.6099.130, chrome: {chromedriverVersion: 120.0.6099.109 (3419140ab66..., userDataDir: C:\Windows\SystemTemp\scope...}, fedcm:accounts: true, goog:chromeOptions: {debuggerAddress: localhost:56318}, networkConnectionEnabled: false, pageLoadStrategy: normal, platformName: windows, proxy: Proxy(), se:cdp: ws://localhost:56318/devtoo..., se:cdpVersion: 120.0.6099.130, setWindowRect: true, strictFileInteractability: false, timeouts: {implicit: 0, pageLoad: 300000, script: 30000}, unhandledPromptBehavior: dismiss and notify, webauthn:extension:credBlob: true, webauthn:extension:largeBlob: true, webauthn:extension:minPinLength: true, webauthn:extension:prf: true, webauthn:virtualAuthenticators: true}
Session ID: 7db87ec85045ab3a36de0f3b9538f040
	at java.base/jdk.internal.reflect.NativeConstructorAccessorImpl.newInstance0(Native Method)
	at java.base/jdk.internal.reflect.NativeConstructorAccessorImpl.newInstance(NativeConstructorAccessorImpl.java:77)
	at java.base/jdk.internal.reflect.DelegatingConstructorAccessorImpl.newInstance(DelegatingConstructorAccessorImpl.java:45)
	at java.base/java.lang.reflect.Constructor.newInstanceWithCaller(Constructor.java:499)
	at java.base/java.lang.reflect.Constructor.newInstance(Constructor.java:480)
	at org.openqa.selenium.remote.codec.w3c.W3CHttpResponseCodec.createException(W3CHttpResponseCodec.java:200)
	at org.openqa.selenium.remote.codec.w3c.W3CHttpResponseCodec.decode(W3CHttpResponseCodec.java:133)
	at org.openqa.selenium.remote.codec.w3c.W3CHttpResponseCodec.decode(W3CHttpResponseCodec.java:52)
	at org.openqa.selenium.remote.HttpCommandExecutor.execute(HttpCommandExecutor.java:191)
	at org.openqa.selenium.remote.service.DriverCommandExecutor.invokeExecute(DriverCommandExecutor.java:200)
	at org.openqa.selenium.remote.service.DriverCommandExecutor.execute(DriverCommandExecutor.java:175)
	at org.openqa.selenium.remote.RemoteWebDriver.execute(RemoteWebDriver.java:607)
	at org.openqa.selenium.remote.ElementLocation$ElementFinder$2.findElement(ElementLocation.java:165)
	at org.openqa.selenium.remote.ElementLocation.findElement(ElementLocation.java:59)
	at org.openqa.selenium.remote.RemoteWebDriver.findElement(RemoteWebDriver.java:364)
	at org.openqa.selenium.remote.RemoteWebDriver.findElement(RemoteWebDriver.java:358)
	at com.travel_Insurance.pageObjects.travelinsurancePage.travelInsButton(travelinsurancePage.java:89)
	at com.travel_Insurance.stepDefinitions.smokeAndRegressionStepdefination.user_navigates_to_contact_details_page(smokeAndRegressionStepdefination.java:138)
	at ✽.user navigates to contact details page(file:///C:/Users/2304125/eclipse-workspace/travel_Insurance/src/test/resources/featureFile/policybazaarSmoke.feature:37)
</textarea>
      
      </div>
              </div>
              <div class="step skip-bg" title="com.travel_Insurance.stepDefinitions.smokeAndRegressionStepdefination.user_enters_valid_phone_number_in_text_box()">
                <span>When user enters valid phone number in text box</span>
      <div>Step skipped
      </div>
              </div>
              <div class="step skip-bg" title="com.travel_Insurance.stepDefinitions.smokeAndRegressionStepdefination.user_uncheck_on_whatsapp_button_to_not_get_notifications()">
                <span>And user uncheck on whatsapp button to not get notifications</span>
      <div>Step skipped
      </div>
              </div>
              <div class="step skip-bg" title="com.travel_Insurance.stepDefinitions.smokeAndRegressionStepdefination.user_clicks_on_view_plans_button_and_user_navigated_to_results_page()">
                <span>Then user clicks on view plans button and user navigated to results page</span>
      <div>Step skipped
      </div>
              </div>
          </div>
        </div>
  </div>
  <div class="card">
    <div class="card-header" role="tab">
      <div class="card-title">
        <div class="node" id="176"><span class="badge log fail-bg mr-2">Fail</span>back to home page from travel page</div>
      </div>
    </div>
        <div class="">
          <div class="card-body">
              <div class="step fail-bg" title="com.travel_Insurance.stepDefinitions.smokeAndRegressionStepdefination.user_is_in_results_page_of_travel_insurance()">
                <span>Given user is in results page of travel insurance</span>
      <div>
        <textarea disabled class="code-block">org.openqa.selenium.NoSuchElementException: no such element: Unable to locate element: {"method":"xpath","selector":"(//div[@class='prd-icon add shadowHandler short'])[7]"}
  (Session info: chrome=120.0.6099.130)
For documentation on this error, please visit: https://www.selenium.dev/documentation/webdriver/troubleshooting/errors#no-such-element-exception
Build info: version: '4.15.0', revision: '1d14b5521b'
System info: os.name: 'Windows 11', os.arch: 'amd64', os.version: '10.0', java.version: '17.0.9'
Driver info: org.openqa.selenium.chrome.ChromeDriver
Command: [a8ef8d156576df30889f68d10d5f5154, findElement {using=xpath, value=(//div[@class='prd-icon add shadowHandler short'])[7]}]
Capabilities {acceptInsecureCerts: false, browserName: chrome, browserVersion: 120.0.6099.130, chrome: {chromedriverVersion: 120.0.6099.109 (3419140ab66..., userDataDir: C:\Windows\SystemTemp\scope...}, fedcm:accounts: true, goog:chromeOptions: {debuggerAddress: localhost:56357}, networkConnectionEnabled: false, pageLoadStrategy: normal, platformName: windows, proxy: Proxy(), se:cdp: ws://localhost:56357/devtoo..., se:cdpVersion: 120.0.6099.130, setWindowRect: true, strictFileInteractability: false, timeouts: {implicit: 0, pageLoad: 300000, script: 30000}, unhandledPromptBehavior: dismiss and notify, webauthn:extension:credBlob: true, webauthn:extension:largeBlob: true, webauthn:extension:minPinLength: true, webauthn:extension:prf: true, webauthn:virtualAuthenticators: true}
Session ID: a8ef8d156576df30889f68d10d5f5154
	at java.base/jdk.internal.reflect.NativeConstructorAccessorImpl.newInstance0(Native Method)
	at java.base/jdk.internal.reflect.NativeConstructorAccessorImpl.newInstance(NativeConstructorAccessorImpl.java:77)
	at java.base/jdk.internal.reflect.DelegatingConstructorAccessorImpl.newInstance(DelegatingConstructorAccessorImpl.java:45)
	at java.base/java.lang.reflect.Constructor.newInstanceWithCaller(Constructor.java:499)
	at java.base/java.lang.reflect.Constructor.newInstance(Constructor.java:480)
	at org.openqa.selenium.remote.codec.w3c.W3CHttpResponseCodec.createException(W3CHttpResponseCodec.java:200)
	at org.openqa.selenium.remote.codec.w3c.W3CHttpResponseCodec.decode(W3CHttpResponseCodec.java:133)
	at org.openqa.selenium.remote.codec.w3c.W3CHttpResponseCodec.decode(W3CHttpResponseCodec.java:52)
	at org.openqa.selenium.remote.HttpCommandExecutor.execute(HttpCommandExecutor.java:191)
	at org.openqa.selenium.remote.service.DriverCommandExecutor.invokeExecute(DriverCommandExecutor.java:200)
	at org.openqa.selenium.remote.service.DriverCommandExecutor.execute(DriverCommandExecutor.java:175)
	at org.openqa.selenium.remote.RemoteWebDriver.execute(RemoteWebDriver.java:607)
	at org.openqa.selenium.remote.ElementLocation$ElementFinder$2.findElement(ElementLocation.java:165)
	at org.openqa.selenium.remote.ElementLocation.findElement(ElementLocation.java:59)
	at org.openqa.selenium.remote.RemoteWebDriver.findElement(RemoteWebDriver.java:364)
	at org.openqa.selenium.remote.RemoteWebDriver.findElement(RemoteWebDriver.java:358)
	at com.travel_Insurance.pageObjects.travelinsurancePage.travelInsButton(travelinsurancePage.java:89)
	at com.travel_Insurance.stepDefinitions.smokeAndRegressionStepdefination.user_is_in_results_page_of_travel_insurance(smokeAndRegressionStepdefination.java:172)
	at ✽.user is in results page of travel insurance(file:///C:/Users/2304125/eclipse-workspace/travel_Insurance/src/test/resources/featureFile/policybazaarSmoke.feature:44)
</textarea>
      
      </div>
              </div>
              <div class="step skip-bg" title="com.travel_Insurance.stepDefinitions.smokeAndRegressionStepdefination.user_clicks_on_policy_bazaar_logo()">
                <span>When user clicks on policy bazaar logo</span>
      <div>Step skipped
      </div>
              </div>
              <div class="step skip-bg" title="com.travel_Insurance.stepDefinitions.smokeAndRegressionStepdefination.user_navigattes_to_home_page_of_policy_bazaar()">
                <span>Then user navigattes to home page of policy bazaar</span>
      <div>Step skipped
      </div>
              </div>
          </div>
        </div>
  </div>
  <div class="card">
    <div class="card-header" role="tab">
      <div class="card-title">
        <div class="node" id="185"><span class="badge log fail-bg mr-2">Fail</span>car insurance home page</div>
          <div class="status-avatar float-right mr-4">
            <i class="fa fa-paperclip"></i>
          </div>
      </div>
    </div>
        <div class="">
          <div class="card-body">
              <div class="step pass-bg" title="com.travel_Insurance.stepDefinitions.carInsuranceStepDefination.user_should_be_in_policy_bazaar_home_page()">
                <span>Given User should be in Policy bazaar home page</span>
      <div>
      </div>
              </div>
              <div class="step pass-bg" title="AFTER_STEP">
                <span>com.travel_Insurance.stepDefinitions.hooks.addScreenshot(io.cucumber.java.Scenario)</span>
      <div>car insurance home page
          <div class="row mb-3"><div class="col-md-3">
<img data-featherlight='../Screenshots/embedded9.png' src="../Screenshots/embedded9.png">
    
    </div></div>
</div>
      <div>
      </div>
              </div>
              <div class="step fail-bg" title="com.travel_Insurance.stepDefinitions.carInsuranceStepDefination.user_clicks_on_car_insurance_in_policy_bazaar_home_page()">
                <span>When User clicks on Car Insurance in policy bazaar home page</span>
      <div>
        <textarea disabled class="code-block">org.openqa.selenium.NoSuchElementException: no such element: Unable to locate element: {"method":"xpath","selector":"(//div[@class='prd-icon add shadowHandler short'])[4]"}
  (Session info: chrome=120.0.6099.130)
For documentation on this error, please visit: https://www.selenium.dev/documentation/webdriver/troubleshooting/errors#no-such-element-exception
Build info: version: '4.15.0', revision: '1d14b5521b'
System info: os.name: 'Windows 11', os.arch: 'amd64', os.version: '10.0', java.version: '17.0.9'
Driver info: org.openqa.selenium.chrome.ChromeDriver
Command: [7d010901a63095a385f22229a0ffbec9, findElement {using=xpath, value=(//div[@class='prd-icon add shadowHandler short'])[4]}]
Capabilities {acceptInsecureCerts: false, browserName: chrome, browserVersion: 120.0.6099.130, chrome: {chromedriverVersion: 120.0.6099.109 (3419140ab66..., userDataDir: C:\Windows\SystemTemp\scope...}, fedcm:accounts: true, goog:chromeOptions: {debuggerAddress: localhost:58101}, networkConnectionEnabled: false, pageLoadStrategy: normal, platformName: windows, proxy: Proxy(), se:cdp: ws://localhost:58101/devtoo..., se:cdpVersion: 120.0.6099.130, setWindowRect: true, strictFileInteractability: false, timeouts: {implicit: 0, pageLoad: 300000, script: 30000}, unhandledPromptBehavior: dismiss and notify, webauthn:extension:credBlob: true, webauthn:extension:largeBlob: true, webauthn:extension:minPinLength: true, webauthn:extension:prf: true, webauthn:virtualAuthenticators: true}
Session ID: 7d010901a63095a385f22229a0ffbec9
	at java.base/jdk.internal.reflect.NativeConstructorAccessorImpl.newInstance0(Native Method)
	at java.base/jdk.internal.reflect.NativeConstructorAccessorImpl.newInstance(NativeConstructorAccessorImpl.java:77)
	at java.base/jdk.internal.reflect.DelegatingConstructorAccessorImpl.newInstance(DelegatingConstructorAccessorImpl.java:45)
	at java.base/java.lang.reflect.Constructor.newInstanceWithCaller(Constructor.java:499)
	at java.base/java.lang.reflect.Constructor.newInstance(Constructor.java:480)
	at org.openqa.selenium.remote.codec.w3c.W3CHttpResponseCodec.createException(W3CHttpResponseCodec.java:200)
	at org.openqa.selenium.remote.codec.w3c.W3CHttpResponseCodec.decode(W3CHttpResponseCodec.java:133)
	at org.openqa.selenium.remote.codec.w3c.W3CHttpResponseCodec.decode(W3CHttpResponseCodec.java:52)
	at org.openqa.selenium.remote.HttpCommandExecutor.execute(HttpCommandExecutor.java:191)
	at org.openqa.selenium.remote.service.DriverCommandExecutor.invokeExecute(DriverCommandExecutor.java:200)
	at org.openqa.selenium.remote.service.DriverCommandExecutor.execute(DriverCommandExecutor.java:175)
	at org.openqa.selenium.remote.RemoteWebDriver.execute(RemoteWebDriver.java:607)
	at org.openqa.selenium.remote.ElementLocation$ElementFinder$2.findElement(ElementLocation.java:165)
	at org.openqa.selenium.remote.ElementLocation.findElement(ElementLocation.java:59)
	at org.openqa.selenium.remote.RemoteWebDriver.findElement(RemoteWebDriver.java:364)
	at org.openqa.selenium.remote.RemoteWebDriver.findElement(RemoteWebDriver.java:358)
	at com.travel_Insurance.pageObjects.carInsurancePage.carInsButton(carInsurancePage.java:47)
	at com.travel_Insurance.stepDefinitions.carInsuranceStepDefination.user_clicks_on_car_insurance_in_policy_bazaar_home_page(carInsuranceStepDefination.java:32)
	at ✽.User clicks on Car Insurance in policy bazaar home page(file:///C:/Users/2304125/eclipse-workspace/travel_Insurance/src/test/resources/featureFile/policybazaarSmoke.feature:52)
</textarea>
      
      </div>
              </div>
              <div class="step skip-bg" title="com.travel_Insurance.stepDefinitions.carInsuranceStepDefination.user_verifies_title_of_car_insurance_page()">
                <span>Then User verifies title of Car insurance page</span>
      <div>Step skipped
      </div>
              </div>
              <div class="step skip-bg" title="com.travel_Insurance.stepDefinitions.carInsuranceStepDefination.user_clicks_on_view_prices_button_without_giving_car_number_in_box()">
                <span>When User clicks on View prices button without giving car number in box</span>
      <div>Step skipped
      </div>
              </div>
              <div class="step skip-bg" title="com.travel_Insurance.stepDefinitions.carInsuranceStepDefination.capture_the_error_message_displayed()">
                <span>Then capture the error message displayed</span>
      <div>Step skipped
      </div>
              </div>
          </div>
        </div>
  </div>
  <div class="card">
    <div class="card-header" role="tab">
      <div class="card-title">
        <div class="node" id="198"><span class="badge log fail-bg mr-2">Fail</span>car insurance car number page</div>
          <div class="status-avatar float-right mr-4">
            <i class="fa fa-paperclip"></i>
          </div>
      </div>
    </div>
        <div class="scenario_outline ">
            <div class="card-body l1">
              <div class="card-header">
                <div class="card-title outline-child">
                  <div class="node" id="199"><span class="badge log fail-bg mr-2">Fail</span>car insurance car number page</div>
                    <div class="status-avatar float-right">
                      <i class="fa fa-paperclip"></i>
                    </div>
                </div>
              </div>
              <div class="card-body mt-3 ">
                  <div class="step pass-bg">
                    <span>Given User should be in Policy bazaar home page</span>
      <div>
      </div>
                  </div>
                  <div class="step pass-bg">
                    <span>com.travel_Insurance.stepDefinitions.hooks.addScreenshot(io.cucumber.java.Scenario)</span>
      <div>car insurance car number page
          <div class="row mb-3"><div class="col-md-3">
<img data-featherlight='../Screenshots/embedded10.png' src="../Screenshots/embedded10.png">
    
    </div></div>
</div>
      <div>
      </div>
                  </div>
                  <div class="step fail-bg">
                    <span>When User clicks on Car Insurance in policy bazaar home page</span>
      <div>
        <textarea disabled class="code-block">org.openqa.selenium.NoSuchElementException: no such element: Unable to locate element: {"method":"xpath","selector":"(//div[@class='prd-icon add shadowHandler short'])[4]"}
  (Session info: chrome=120.0.6099.130)
For documentation on this error, please visit: https://www.selenium.dev/documentation/webdriver/troubleshooting/errors#no-such-element-exception
Build info: version: '4.15.0', revision: '1d14b5521b'
System info: os.name: 'Windows 11', os.arch: 'amd64', os.version: '10.0', java.version: '17.0.9'
Driver info: org.openqa.selenium.chrome.ChromeDriver
Command: [cf92b99a9cc7e6449021a492cf2cd16d, findElement {using=xpath, value=(//div[@class='prd-icon add shadowHandler short'])[4]}]
Capabilities {acceptInsecureCerts: false, browserName: chrome, browserVersion: 120.0.6099.130, chrome: {chromedriverVersion: 120.0.6099.109 (3419140ab66..., userDataDir: C:\Windows\SystemTemp\scope...}, fedcm:accounts: true, goog:chromeOptions: {debuggerAddress: localhost:58145}, networkConnectionEnabled: false, pageLoadStrategy: normal, platformName: windows, proxy: Proxy(), se:cdp: ws://localhost:58145/devtoo..., se:cdpVersion: 120.0.6099.130, setWindowRect: true, strictFileInteractability: false, timeouts: {implicit: 0, pageLoad: 300000, script: 30000}, unhandledPromptBehavior: dismiss and notify, webauthn:extension:credBlob: true, webauthn:extension:largeBlob: true, webauthn:extension:minPinLength: true, webauthn:extension:prf: true, webauthn:virtualAuthenticators: true}
Session ID: cf92b99a9cc7e6449021a492cf2cd16d
	at java.base/jdk.internal.reflect.NativeConstructorAccessorImpl.newInstance0(Native Method)
	at java.base/jdk.internal.reflect.NativeConstructorAccessorImpl.newInstance(NativeConstructorAccessorImpl.java:77)
	at java.base/jdk.internal.reflect.DelegatingConstructorAccessorImpl.newInstance(DelegatingConstructorAccessorImpl.java:45)
	at java.base/java.lang.reflect.Constructor.newInstanceWithCaller(Constructor.java:499)
	at java.base/java.lang.reflect.Constructor.newInstance(Constructor.java:480)
	at org.openqa.selenium.remote.codec.w3c.W3CHttpResponseCodec.createException(W3CHttpResponseCodec.java:200)
	at org.openqa.selenium.remote.codec.w3c.W3CHttpResponseCodec.decode(W3CHttpResponseCodec.java:133)
	at org.openqa.selenium.remote.codec.w3c.W3CHttpResponseCodec.decode(W3CHttpResponseCodec.java:52)
	at org.openqa.selenium.remote.HttpCommandExecutor.execute(HttpCommandExecutor.java:191)
	at org.openqa.selenium.remote.service.DriverCommandExecutor.invokeExecute(DriverCommandExecutor.java:200)
	at org.openqa.selenium.remote.service.DriverCommandExecutor.execute(DriverCommandExecutor.java:175)
	at org.openqa.selenium.remote.RemoteWebDriver.execute(RemoteWebDriver.java:607)
	at org.openqa.selenium.remote.ElementLocation$ElementFinder$2.findElement(ElementLocation.java:165)
	at org.openqa.selenium.remote.ElementLocation.findElement(ElementLocation.java:59)
	at org.openqa.selenium.remote.RemoteWebDriver.findElement(RemoteWebDriver.java:364)
	at org.openqa.selenium.remote.RemoteWebDriver.findElement(RemoteWebDriver.java:358)
	at com.travel_Insurance.pageObjects.carInsurancePage.carInsButton(carInsurancePage.java:47)
	at com.travel_Insurance.stepDefinitions.carInsuranceStepDefination.user_clicks_on_car_insurance_in_policy_bazaar_home_page(carInsuranceStepDefination.java:32)
	at ✽.User clicks on Car Insurance in policy bazaar home page(file:///C:/Users/2304125/eclipse-workspace/travel_Insurance/src/test/resources/featureFile/policybazaarSmoke.feature:60)
</textarea>
      
      </div>
                  </div>
                  <div class="step skip-bg">
                    <span>When User clicks on View prices button without giving car number in box</span>
      <div>Step skipped
      </div>
                  </div>
                  <div class="step skip-bg">
                    <span>Then capture the error message displayed</span>
      <div>Step skipped
      </div>
                  </div>
                  <div class="step skip-bg">
                    <span>When User clicks on View prices button by giving valid "TN-23-6543" in box</span>
      <div>Step skipped
      </div>
                  </div>
              </div>
            </div>
        </div>
  </div>
  <div class="card">
    <div class="card-header" role="tab">
      <div class="card-title">
        <div class="node" id="212"><span class="badge log fail-bg mr-2">Fail</span>car insurance brand name page</div>
      </div>
    </div>
        <div class="scenario_outline ">
            <div class="card-body l1">
              <div class="card-header">
                <div class="card-title outline-child">
                  <div class="node" id="213"><span class="badge log fail-bg mr-2">Fail</span>car insurance brand name page</div>
                </div>
              </div>
              <div class="card-body mt-3 ">
                  <div class="step fail-bg">
                    <span>Given user navigates to car insurance page</span>
      <div>
        <textarea disabled class="code-block">org.openqa.selenium.NoSuchElementException: no such element: Unable to locate element: {"method":"xpath","selector":"(//div[@class='prd-icon add shadowHandler short'])[4]"}
  (Session info: chrome=120.0.6099.130)
For documentation on this error, please visit: https://www.selenium.dev/documentation/webdriver/troubleshooting/errors#no-such-element-exception
Build info: version: '4.15.0', revision: '1d14b5521b'
System info: os.name: 'Windows 11', os.arch: 'amd64', os.version: '10.0', java.version: '17.0.9'
Driver info: org.openqa.selenium.chrome.ChromeDriver
Command: [20d32ecc64a1007daba15a1a21073a2f, findElement {using=xpath, value=(//div[@class='prd-icon add shadowHandler short'])[4]}]
Capabilities {acceptInsecureCerts: false, browserName: chrome, browserVersion: 120.0.6099.130, chrome: {chromedriverVersion: 120.0.6099.109 (3419140ab66..., userDataDir: C:\Windows\SystemTemp\scope...}, fedcm:accounts: true, goog:chromeOptions: {debuggerAddress: localhost:58189}, networkConnectionEnabled: false, pageLoadStrategy: normal, platformName: windows, proxy: Proxy(), se:cdp: ws://localhost:58189/devtoo..., se:cdpVersion: 120.0.6099.130, setWindowRect: true, strictFileInteractability: false, timeouts: {implicit: 0, pageLoad: 300000, script: 30000}, unhandledPromptBehavior: dismiss and notify, webauthn:extension:credBlob: true, webauthn:extension:largeBlob: true, webauthn:extension:minPinLength: true, webauthn:extension:prf: true, webauthn:virtualAuthenticators: true}
Session ID: 20d32ecc64a1007daba15a1a21073a2f
	at java.base/jdk.internal.reflect.NativeConstructorAccessorImpl.newInstance0(Native Method)
	at java.base/jdk.internal.reflect.NativeConstructorAccessorImpl.newInstance(NativeConstructorAccessorImpl.java:77)
	at java.base/jdk.internal.reflect.DelegatingConstructorAccessorImpl.newInstance(DelegatingConstructorAccessorImpl.java:45)
	at java.base/java.lang.reflect.Constructor.newInstanceWithCaller(Constructor.java:499)
	at java.base/java.lang.reflect.Constructor.newInstance(Constructor.java:480)
	at org.openqa.selenium.remote.codec.w3c.W3CHttpResponseCodec.createException(W3CHttpResponseCodec.java:200)
	at org.openqa.selenium.remote.codec.w3c.W3CHttpResponseCodec.decode(W3CHttpResponseCodec.java:133)
	at org.openqa.selenium.remote.codec.w3c.W3CHttpResponseCodec.decode(W3CHttpResponseCodec.java:52)
	at org.openqa.selenium.remote.HttpCommandExecutor.execute(HttpCommandExecutor.java:191)
	at org.openqa.selenium.remote.service.DriverCommandExecutor.invokeExecute(DriverCommandExecutor.java:200)
	at org.openqa.selenium.remote.service.DriverCommandExecutor.execute(DriverCommandExecutor.java:175)
	at org.openqa.selenium.remote.RemoteWebDriver.execute(RemoteWebDriver.java:607)
	at org.openqa.selenium.remote.ElementLocation$ElementFinder$2.findElement(ElementLocation.java:165)
	at org.openqa.selenium.remote.ElementLocation.findElement(ElementLocation.java:59)
	at org.openqa.selenium.remote.RemoteWebDriver.findElement(RemoteWebDriver.java:364)
	at org.openqa.selenium.remote.RemoteWebDriver.findElement(RemoteWebDriver.java:358)
	at com.travel_Insurance.pageObjects.carInsurancePage.carInsButton(carInsurancePage.java:47)
	at com.travel_Insurance.stepDefinitions.smokeAndRegressionStepdefination.user_navigates_to_car_insurance_page(smokeAndRegressionStepdefination.java:203)
	at ✽.user navigates to car insurance page(file:///C:/Users/2304125/eclipse-workspace/travel_Insurance/src/test/resources/featureFile/policybazaarSmoke.feature:71)
</textarea>
      
      </div>
                  </div>
                  <div class="step skip-bg">
                    <span>When user selects a brand from car brands "KIA"</span>
      <div>Step skipped
      </div>
                  </div>
              </div>
            </div>
        </div>
  </div>
  <div class="card">
    <div class="card-header" role="tab">
      <div class="card-title">
        <div class="node" id="220"><span class="badge log fail-bg mr-2">Fail</span>car insurance model name page</div>
      </div>
    </div>
        <div class="">
          <div class="card-body">
              <div class="step fail-bg" title="com.travel_Insurance.stepDefinitions.smokeAndRegressionStepdefination.user_navigates_to_car_insurance_page()">
                <span>Given user navigates to car insurance page</span>
      <div>
        <textarea disabled class="code-block">org.openqa.selenium.NoSuchElementException: no such element: Unable to locate element: {"method":"xpath","selector":"(//div[@class='prd-icon add shadowHandler short'])[4]"}
  (Session info: chrome=120.0.6099.130)
For documentation on this error, please visit: https://www.selenium.dev/documentation/webdriver/troubleshooting/errors#no-such-element-exception
Build info: version: '4.15.0', revision: '1d14b5521b'
System info: os.name: 'Windows 11', os.arch: 'amd64', os.version: '10.0', java.version: '17.0.9'
Driver info: org.openqa.selenium.chrome.ChromeDriver
Command: [9317f16f3f222bd242c9bd7972eb39d5, findElement {using=xpath, value=(//div[@class='prd-icon add shadowHandler short'])[4]}]
Capabilities {acceptInsecureCerts: false, browserName: chrome, browserVersion: 120.0.6099.130, chrome: {chromedriverVersion: 120.0.6099.109 (3419140ab66..., userDataDir: C:\Windows\SystemTemp\scope...}, fedcm:accounts: true, goog:chromeOptions: {debuggerAddress: localhost:58232}, networkConnectionEnabled: false, pageLoadStrategy: normal, platformName: windows, proxy: Proxy(), se:cdp: ws://localhost:58232/devtoo..., se:cdpVersion: 120.0.6099.130, setWindowRect: true, strictFileInteractability: false, timeouts: {implicit: 0, pageLoad: 300000, script: 30000}, unhandledPromptBehavior: dismiss and notify, webauthn:extension:credBlob: true, webauthn:extension:largeBlob: true, webauthn:extension:minPinLength: true, webauthn:extension:prf: true, webauthn:virtualAuthenticators: true}
Session ID: 9317f16f3f222bd242c9bd7972eb39d5
	at jdk.internal.reflect.GeneratedConstructorAccessor41.newInstance(Unknown Source)
	at java.base/jdk.internal.reflect.DelegatingConstructorAccessorImpl.newInstance(DelegatingConstructorAccessorImpl.java:45)
	at java.base/java.lang.reflect.Constructor.newInstanceWithCaller(Constructor.java:499)
	at java.base/java.lang.reflect.Constructor.newInstance(Constructor.java:480)
	at org.openqa.selenium.remote.codec.w3c.W3CHttpResponseCodec.createException(W3CHttpResponseCodec.java:200)
	at org.openqa.selenium.remote.codec.w3c.W3CHttpResponseCodec.decode(W3CHttpResponseCodec.java:133)
	at org.openqa.selenium.remote.codec.w3c.W3CHttpResponseCodec.decode(W3CHttpResponseCodec.java:52)
	at org.openqa.selenium.remote.HttpCommandExecutor.execute(HttpCommandExecutor.java:191)
	at org.openqa.selenium.remote.service.DriverCommandExecutor.invokeExecute(DriverCommandExecutor.java:200)
	at org.openqa.selenium.remote.service.DriverCommandExecutor.execute(DriverCommandExecutor.java:175)
	at org.openqa.selenium.remote.RemoteWebDriver.execute(RemoteWebDriver.java:607)
	at org.openqa.selenium.remote.ElementLocation$ElementFinder$2.findElement(ElementLocation.java:165)
	at org.openqa.selenium.remote.ElementLocation.findElement(ElementLocation.java:59)
	at org.openqa.selenium.remote.RemoteWebDriver.findElement(RemoteWebDriver.java:364)
	at org.openqa.selenium.remote.RemoteWebDriver.findElement(RemoteWebDriver.java:358)
	at com.travel_Insurance.pageObjects.carInsurancePage.carInsButton(carInsurancePage.java:47)
	at com.travel_Insurance.stepDefinitions.smokeAndRegressionStepdefination.user_navigates_to_car_insurance_page(smokeAndRegressionStepdefination.java:203)
	at ✽.user navigates to car insurance page(file:///C:/Users/2304125/eclipse-workspace/travel_Insurance/src/test/resources/featureFile/policybazaarSmoke.feature:80)
</textarea>
      
      </div>
              </div>
              <div class="step skip-bg" title="com.travel_Insurance.stepDefinitions.smokeAndRegressionStepdefination.user_navigate_to_model_name_page()">
                <span>When user navigate to model name page</span>
      <div>Step skipped
      </div>
              </div>
              <div class="step skip-bg" title="com.travel_Insurance.stepDefinitions.smokeAndRegressionStepdefination.user_selects_the_model_name()">
                <span>Then user selects the model name</span>
      <div>Step skipped
      </div>
              </div>
          </div>
        </div>
  </div>
  <div class="card">
    <div class="card-header" role="tab">
      <div class="card-title">
        <div class="node" id="229"><span class="badge log fail-bg mr-2">Fail</span>car insurance fueltype page</div>
      </div>
    </div>
        <div class="">
          <div class="card-body">
              <div class="step fail-bg" title="com.travel_Insurance.stepDefinitions.smokeAndRegressionStepdefination.user_navigates_to_car_insurance_page()">
                <span>Given user navigates to car insurance page</span>
      <div>
        <textarea disabled class="code-block">org.openqa.selenium.NoSuchElementException: no such element: Unable to locate element: {"method":"xpath","selector":"(//div[@class='prd-icon add shadowHandler short'])[4]"}
  (Session info: chrome=120.0.6099.130)
For documentation on this error, please visit: https://www.selenium.dev/documentation/webdriver/troubleshooting/errors#no-such-element-exception
Build info: version: '4.15.0', revision: '1d14b5521b'
System info: os.name: 'Windows 11', os.arch: 'amd64', os.version: '10.0', java.version: '17.0.9'
Driver info: org.openqa.selenium.chrome.ChromeDriver
Command: [13ed1f98c7edb37f2a526d795d8ca57f, findElement {using=xpath, value=(//div[@class='prd-icon add shadowHandler short'])[4]}]
Capabilities {acceptInsecureCerts: false, browserName: chrome, browserVersion: 120.0.6099.130, chrome: {chromedriverVersion: 120.0.6099.109 (3419140ab66..., userDataDir: C:\Windows\SystemTemp\scope...}, fedcm:accounts: true, goog:chromeOptions: {debuggerAddress: localhost:58276}, networkConnectionEnabled: false, pageLoadStrategy: normal, platformName: windows, proxy: Proxy(), se:cdp: ws://localhost:58276/devtoo..., se:cdpVersion: 120.0.6099.130, setWindowRect: true, strictFileInteractability: false, timeouts: {implicit: 0, pageLoad: 300000, script: 30000}, unhandledPromptBehavior: dismiss and notify, webauthn:extension:credBlob: true, webauthn:extension:largeBlob: true, webauthn:extension:minPinLength: true, webauthn:extension:prf: true, webauthn:virtualAuthenticators: true}
Session ID: 13ed1f98c7edb37f2a526d795d8ca57f
	at jdk.internal.reflect.GeneratedConstructorAccessor41.newInstance(Unknown Source)
	at java.base/jdk.internal.reflect.DelegatingConstructorAccessorImpl.newInstance(DelegatingConstructorAccessorImpl.java:45)
	at java.base/java.lang.reflect.Constructor.newInstanceWithCaller(Constructor.java:499)
	at java.base/java.lang.reflect.Constructor.newInstance(Constructor.java:480)
	at org.openqa.selenium.remote.codec.w3c.W3CHttpResponseCodec.createException(W3CHttpResponseCodec.java:200)
	at org.openqa.selenium.remote.codec.w3c.W3CHttpResponseCodec.decode(W3CHttpResponseCodec.java:133)
	at org.openqa.selenium.remote.codec.w3c.W3CHttpResponseCodec.decode(W3CHttpResponseCodec.java:52)
	at org.openqa.selenium.remote.HttpCommandExecutor.execute(HttpCommandExecutor.java:191)
	at org.openqa.selenium.remote.service.DriverCommandExecutor.invokeExecute(DriverCommandExecutor.java:200)
	at org.openqa.selenium.remote.service.DriverCommandExecutor.execute(DriverCommandExecutor.java:175)
	at org.openqa.selenium.remote.RemoteWebDriver.execute(RemoteWebDriver.java:607)
	at org.openqa.selenium.remote.ElementLocation$ElementFinder$2.findElement(ElementLocation.java:165)
	at org.openqa.selenium.remote.ElementLocation.findElement(ElementLocation.java:59)
	at org.openqa.selenium.remote.RemoteWebDriver.findElement(RemoteWebDriver.java:364)
	at org.openqa.selenium.remote.RemoteWebDriver.findElement(RemoteWebDriver.java:358)
	at com.travel_Insurance.pageObjects.carInsurancePage.carInsButton(carInsurancePage.java:47)
	at com.travel_Insurance.stepDefinitions.smokeAndRegressionStepdefination.user_navigates_to_car_insurance_page(smokeAndRegressionStepdefination.java:203)
	at ✽.user navigates to car insurance page(file:///C:/Users/2304125/eclipse-workspace/travel_Insurance/src/test/resources/featureFile/policybazaarSmoke.feature:86)
</textarea>
      
      </div>
              </div>
              <div class="step skip-bg" title="com.travel_Insurance.stepDefinitions.smokeAndRegressionStepdefination.user_verifies_fueltype_page()">
                <span>When user verifies fueltype page</span>
      <div>Step skipped
      </div>
              </div>
              <div class="step skip-bg" title="com.travel_Insurance.stepDefinitions.smokeAndRegressionStepdefination.user_selects_fueltype_name()">
                <span>Then user selects fueltype name</span>
      <div>Step skipped
      </div>
              </div>
          </div>
        </div>
  </div>
  <div class="card">
    <div class="card-header" role="tab">
      <div class="card-title">
        <div class="node" id="238"><span class="badge log fail-bg mr-2">Fail</span>car insurance variantType page</div>
      </div>
    </div>
        <div class="">
          <div class="card-body">
              <div class="step fail-bg" title="com.travel_Insurance.stepDefinitions.smokeAndRegressionStepdefination.user_navigates_to_car_insurance_page()">
                <span>Given user navigates to car insurance page</span>
      <div>
        <textarea disabled class="code-block">org.openqa.selenium.NoSuchElementException: no such element: Unable to locate element: {"method":"xpath","selector":"(//div[@class='prd-icon add shadowHandler short'])[4]"}
  (Session info: chrome=120.0.6099.130)
For documentation on this error, please visit: https://www.selenium.dev/documentation/webdriver/troubleshooting/errors#no-such-element-exception
Build info: version: '4.15.0', revision: '1d14b5521b'
System info: os.name: 'Windows 11', os.arch: 'amd64', os.version: '10.0', java.version: '17.0.9'
Driver info: org.openqa.selenium.chrome.ChromeDriver
Command: [7f5d8251b35b4c8c1f6c8d81282fe27d, findElement {using=xpath, value=(//div[@class='prd-icon add shadowHandler short'])[4]}]
Capabilities {acceptInsecureCerts: false, browserName: chrome, browserVersion: 120.0.6099.130, chrome: {chromedriverVersion: 120.0.6099.109 (3419140ab66..., userDataDir: C:\Windows\SystemTemp\scope...}, fedcm:accounts: true, goog:chromeOptions: {debuggerAddress: localhost:58318}, networkConnectionEnabled: false, pageLoadStrategy: normal, platformName: windows, proxy: Proxy(), se:cdp: ws://localhost:58318/devtoo..., se:cdpVersion: 120.0.6099.130, setWindowRect: true, strictFileInteractability: false, timeouts: {implicit: 0, pageLoad: 300000, script: 30000}, unhandledPromptBehavior: dismiss and notify, webauthn:extension:credBlob: true, webauthn:extension:largeBlob: true, webauthn:extension:minPinLength: true, webauthn:extension:prf: true, webauthn:virtualAuthenticators: true}
Session ID: 7f5d8251b35b4c8c1f6c8d81282fe27d
	at jdk.internal.reflect.GeneratedConstructorAccessor41.newInstance(Unknown Source)
	at java.base/jdk.internal.reflect.DelegatingConstructorAccessorImpl.newInstance(DelegatingConstructorAccessorImpl.java:45)
	at java.base/java.lang.reflect.Constructor.newInstanceWithCaller(Constructor.java:499)
	at java.base/java.lang.reflect.Constructor.newInstance(Constructor.java:480)
	at org.openqa.selenium.remote.codec.w3c.W3CHttpResponseCodec.createException(W3CHttpResponseCodec.java:200)
	at org.openqa.selenium.remote.codec.w3c.W3CHttpResponseCodec.decode(W3CHttpResponseCodec.java:133)
	at org.openqa.selenium.remote.codec.w3c.W3CHttpResponseCodec.decode(W3CHttpResponseCodec.java:52)
	at org.openqa.selenium.remote.HttpCommandExecutor.execute(HttpCommandExecutor.java:191)
	at org.openqa.selenium.remote.service.DriverCommandExecutor.invokeExecute(DriverCommandExecutor.java:200)
	at org.openqa.selenium.remote.service.DriverCommandExecutor.execute(DriverCommandExecutor.java:175)
	at org.openqa.selenium.remote.RemoteWebDriver.execute(RemoteWebDriver.java:607)
	at org.openqa.selenium.remote.ElementLocation$ElementFinder$2.findElement(ElementLocation.java:165)
	at org.openqa.selenium.remote.ElementLocation.findElement(ElementLocation.java:59)
	at org.openqa.selenium.remote.RemoteWebDriver.findElement(RemoteWebDriver.java:364)
	at org.openqa.selenium.remote.RemoteWebDriver.findElement(RemoteWebDriver.java:358)
	at com.travel_Insurance.pageObjects.carInsurancePage.carInsButton(carInsurancePage.java:47)
	at com.travel_Insurance.stepDefinitions.smokeAndRegressionStepdefination.user_navigates_to_car_insurance_page(smokeAndRegressionStepdefination.java:203)
	at ✽.user navigates to car insurance page(file:///C:/Users/2304125/eclipse-workspace/travel_Insurance/src/test/resources/featureFile/policybazaarSmoke.feature:92)
</textarea>
      
      </div>
              </div>
              <div class="step skip-bg" title="com.travel_Insurance.stepDefinitions.smokeAndRegressionStepdefination.user_verifies_variant_type_page()">
                <span>When user verifies variantType page</span>
      <div>Step skipped
      </div>
              </div>
              <div class="step skip-bg" title="com.travel_Insurance.stepDefinitions.smokeAndRegressionStepdefination.user_selects_a_variant_type()">
                <span>Then user selects a variantType</span>
      <div>Step skipped
      </div>
              </div>
          </div>
        </div>
  </div>
  <div class="card">
    <div class="card-header" role="tab">
      <div class="card-title">
        <div class="node" id="247"><span class="badge log fail-bg mr-2">Fail</span>car insurance registeredyear page</div>
      </div>
    </div>
        <div class="">
          <div class="card-body">
              <div class="step fail-bg" title="com.travel_Insurance.stepDefinitions.smokeAndRegressionStepdefination.user_navigates_to_car_insurance_page()">
                <span>Given user navigates to car insurance page</span>
      <div>
        <textarea disabled class="code-block">org.openqa.selenium.NoSuchElementException: no such element: Unable to locate element: {"method":"xpath","selector":"(//div[@class='prd-icon add shadowHandler short'])[4]"}
  (Session info: chrome=120.0.6099.130)
For documentation on this error, please visit: https://www.selenium.dev/documentation/webdriver/troubleshooting/errors#no-such-element-exception
Build info: version: '4.15.0', revision: '1d14b5521b'
System info: os.name: 'Windows 11', os.arch: 'amd64', os.version: '10.0', java.version: '17.0.9'
Driver info: org.openqa.selenium.chrome.ChromeDriver
Command: [262c31662144ecdfbfa21502bc5cff53, findElement {using=xpath, value=(//div[@class='prd-icon add shadowHandler short'])[4]}]
Capabilities {acceptInsecureCerts: false, browserName: chrome, browserVersion: 120.0.6099.130, chrome: {chromedriverVersion: 120.0.6099.109 (3419140ab66..., userDataDir: C:\Windows\SystemTemp\scope...}, fedcm:accounts: true, goog:chromeOptions: {debuggerAddress: localhost:58360}, networkConnectionEnabled: false, pageLoadStrategy: normal, platformName: windows, proxy: Proxy(), se:cdp: ws://localhost:58360/devtoo..., se:cdpVersion: 120.0.6099.130, setWindowRect: true, strictFileInteractability: false, timeouts: {implicit: 0, pageLoad: 300000, script: 30000}, unhandledPromptBehavior: dismiss and notify, webauthn:extension:credBlob: true, webauthn:extension:largeBlob: true, webauthn:extension:minPinLength: true, webauthn:extension:prf: true, webauthn:virtualAuthenticators: true}
Session ID: 262c31662144ecdfbfa21502bc5cff53
	at jdk.internal.reflect.GeneratedConstructorAccessor41.newInstance(Unknown Source)
	at java.base/jdk.internal.reflect.DelegatingConstructorAccessorImpl.newInstance(DelegatingConstructorAccessorImpl.java:45)
	at java.base/java.lang.reflect.Constructor.newInstanceWithCaller(Constructor.java:499)
	at java.base/java.lang.reflect.Constructor.newInstance(Constructor.java:480)
	at org.openqa.selenium.remote.codec.w3c.W3CHttpResponseCodec.createException(W3CHttpResponseCodec.java:200)
	at org.openqa.selenium.remote.codec.w3c.W3CHttpResponseCodec.decode(W3CHttpResponseCodec.java:133)
	at org.openqa.selenium.remote.codec.w3c.W3CHttpResponseCodec.decode(W3CHttpResponseCodec.java:52)
	at org.openqa.selenium.remote.HttpCommandExecutor.execute(HttpCommandExecutor.java:191)
	at org.openqa.selenium.remote.service.DriverCommandExecutor.invokeExecute(DriverCommandExecutor.java:200)
	at org.openqa.selenium.remote.service.DriverCommandExecutor.execute(DriverCommandExecutor.java:175)
	at org.openqa.selenium.remote.RemoteWebDriver.execute(RemoteWebDriver.java:607)
	at org.openqa.selenium.remote.ElementLocation$ElementFinder$2.findElement(ElementLocation.java:165)
	at org.openqa.selenium.remote.ElementLocation.findElement(ElementLocation.java:59)
	at org.openqa.selenium.remote.RemoteWebDriver.findElement(RemoteWebDriver.java:364)
	at org.openqa.selenium.remote.RemoteWebDriver.findElement(RemoteWebDriver.java:358)
	at com.travel_Insurance.pageObjects.carInsurancePage.carInsButton(carInsurancePage.java:47)
	at com.travel_Insurance.stepDefinitions.smokeAndRegressionStepdefination.user_navigates_to_car_insurance_page(smokeAndRegressionStepdefination.java:203)
	at ✽.user navigates to car insurance page(file:///C:/Users/2304125/eclipse-workspace/travel_Insurance/src/test/resources/featureFile/policybazaarSmoke.feature:98)
</textarea>
      
      </div>
              </div>
              <div class="step skip-bg" title="com.travel_Insurance.stepDefinitions.smokeAndRegressionStepdefination.user_verifies_registeredyear_page()">
                <span>When user verifies registeredyear page</span>
      <div>Step skipped
      </div>
              </div>
              <div class="step skip-bg" title="com.travel_Insurance.stepDefinitions.smokeAndRegressionStepdefination.user_selects_a_registeredyear()">
                <span>Then user selects a registeredyear</span>
      <div>Step skipped
      </div>
              </div>
          </div>
        </div>
  </div>
  <div class="card">
    <div class="card-header" role="tab">
      <div class="card-title">
        <div class="node" id="256"><span class="badge log fail-bg mr-2">Fail</span>car insurance contact details page all errors</div>
      </div>
    </div>
        <div class="">
          <div class="card-body">
              <div class="step fail-bg" title="com.travel_Insurance.stepDefinitions.smokeAndRegressionStepdefination.user_navigates_to_car_insurance_page()">
                <span>Given user navigates to car insurance page</span>
      <div>
        <textarea disabled class="code-block">org.openqa.selenium.NoSuchElementException: no such element: Unable to locate element: {"method":"xpath","selector":"(//div[@class='prd-icon add shadowHandler short'])[4]"}
  (Session info: chrome=120.0.6099.130)
For documentation on this error, please visit: https://www.selenium.dev/documentation/webdriver/troubleshooting/errors#no-such-element-exception
Build info: version: '4.15.0', revision: '1d14b5521b'
System info: os.name: 'Windows 11', os.arch: 'amd64', os.version: '10.0', java.version: '17.0.9'
Driver info: org.openqa.selenium.chrome.ChromeDriver
Command: [f39b8ebe64c9c32527483ca024eecd64, findElement {using=xpath, value=(//div[@class='prd-icon add shadowHandler short'])[4]}]
Capabilities {acceptInsecureCerts: false, browserName: chrome, browserVersion: 120.0.6099.130, chrome: {chromedriverVersion: 120.0.6099.109 (3419140ab66..., userDataDir: C:\Windows\SystemTemp\scope...}, fedcm:accounts: true, goog:chromeOptions: {debuggerAddress: localhost:58400}, networkConnectionEnabled: false, pageLoadStrategy: normal, platformName: windows, proxy: Proxy(), se:cdp: ws://localhost:58400/devtoo..., se:cdpVersion: 120.0.6099.130, setWindowRect: true, strictFileInteractability: false, timeouts: {implicit: 0, pageLoad: 300000, script: 30000}, unhandledPromptBehavior: dismiss and notify, webauthn:extension:credBlob: true, webauthn:extension:largeBlob: true, webauthn:extension:minPinLength: true, webauthn:extension:prf: true, webauthn:virtualAuthenticators: true}
Session ID: f39b8ebe64c9c32527483ca024eecd64
	at jdk.internal.reflect.GeneratedConstructorAccessor41.newInstance(Unknown Source)
	at java.base/jdk.internal.reflect.DelegatingConstructorAccessorImpl.newInstance(DelegatingConstructorAccessorImpl.java:45)
	at java.base/java.lang.reflect.Constructor.newInstanceWithCaller(Constructor.java:499)
	at java.base/java.lang.reflect.Constructor.newInstance(Constructor.java:480)
	at org.openqa.selenium.remote.codec.w3c.W3CHttpResponseCodec.createException(W3CHttpResponseCodec.java:200)
	at org.openqa.selenium.remote.codec.w3c.W3CHttpResponseCodec.decode(W3CHttpResponseCodec.java:133)
	at org.openqa.selenium.remote.codec.w3c.W3CHttpResponseCodec.decode(W3CHttpResponseCodec.java:52)
	at org.openqa.selenium.remote.HttpCommandExecutor.execute(HttpCommandExecutor.java:191)
	at org.openqa.selenium.remote.service.DriverCommandExecutor.invokeExecute(DriverCommandExecutor.java:200)
	at org.openqa.selenium.remote.service.DriverCommandExecutor.execute(DriverCommandExecutor.java:175)
	at org.openqa.selenium.remote.RemoteWebDriver.execute(RemoteWebDriver.java:607)
	at org.openqa.selenium.remote.ElementLocation$ElementFinder$2.findElement(ElementLocation.java:165)
	at org.openqa.selenium.remote.ElementLocation.findElement(ElementLocation.java:59)
	at org.openqa.selenium.remote.RemoteWebDriver.findElement(RemoteWebDriver.java:364)
	at org.openqa.selenium.remote.RemoteWebDriver.findElement(RemoteWebDriver.java:358)
	at com.travel_Insurance.pageObjects.carInsurancePage.carInsButton(carInsurancePage.java:47)
	at com.travel_Insurance.stepDefinitions.smokeAndRegressionStepdefination.user_navigates_to_car_insurance_page(smokeAndRegressionStepdefination.java:203)
	at ✽.user navigates to car insurance page(file:///C:/Users/2304125/eclipse-workspace/travel_Insurance/src/test/resources/featureFile/policybazaarSmoke.feature:104)
</textarea>
      
      </div>
              </div>
              <div class="step skip-bg" title="com.travel_Insurance.stepDefinitions.smokeAndRegressionStepdefination.user_click_on_view_prices_button()">
                <span>When user click on view prices button</span>
      <div>Step skipped
      </div>
              </div>
              <div class="step skip-bg" title="com.travel_Insurance.stepDefinitions.smokeAndRegressionStepdefination.user_capture_error_messages_of_all_details()">
                <span>Then user capture error messages of all details</span>
      <div>Step skipped
      </div>
              </div>
          </div>
        </div>
  </div>
  <div class="card">
    <div class="card-header" role="tab">
      <div class="card-title">
        <div class="node" id="265"><span class="badge log fail-bg mr-2">Fail</span>car insurance contact details page mobile error</div>
      </div>
    </div>
        <div class="">
          <div class="card-body">
              <div class="step fail-bg" title="com.travel_Insurance.stepDefinitions.smokeAndRegressionStepdefination.user_navigates_to_car_insurance_page()">
                <span>Given user navigates to car insurance page</span>
      <div>
        <textarea disabled class="code-block">org.openqa.selenium.NoSuchElementException: no such element: Unable to locate element: {"method":"xpath","selector":"(//div[@class='prd-icon add shadowHandler short'])[4]"}
  (Session info: chrome=120.0.6099.130)
For documentation on this error, please visit: https://www.selenium.dev/documentation/webdriver/troubleshooting/errors#no-such-element-exception
Build info: version: '4.15.0', revision: '1d14b5521b'
System info: os.name: 'Windows 11', os.arch: 'amd64', os.version: '10.0', java.version: '17.0.9'
Driver info: org.openqa.selenium.chrome.ChromeDriver
Command: [215a79cea0608dd85233ec85ad143ab6, findElement {using=xpath, value=(//div[@class='prd-icon add shadowHandler short'])[4]}]
Capabilities {acceptInsecureCerts: false, browserName: chrome, browserVersion: 120.0.6099.130, chrome: {chromedriverVersion: 120.0.6099.109 (3419140ab66..., userDataDir: C:\Windows\SystemTemp\scope...}, fedcm:accounts: true, goog:chromeOptions: {debuggerAddress: localhost:58442}, networkConnectionEnabled: false, pageLoadStrategy: normal, platformName: windows, proxy: Proxy(), se:cdp: ws://localhost:58442/devtoo..., se:cdpVersion: 120.0.6099.130, setWindowRect: true, strictFileInteractability: false, timeouts: {implicit: 0, pageLoad: 300000, script: 30000}, unhandledPromptBehavior: dismiss and notify, webauthn:extension:credBlob: true, webauthn:extension:largeBlob: true, webauthn:extension:minPinLength: true, webauthn:extension:prf: true, webauthn:virtualAuthenticators: true}
Session ID: 215a79cea0608dd85233ec85ad143ab6
	at jdk.internal.reflect.GeneratedConstructorAccessor41.newInstance(Unknown Source)
	at java.base/jdk.internal.reflect.DelegatingConstructorAccessorImpl.newInstance(DelegatingConstructorAccessorImpl.java:45)
	at java.base/java.lang.reflect.Constructor.newInstanceWithCaller(Constructor.java:499)
	at java.base/java.lang.reflect.Constructor.newInstance(Constructor.java:480)
	at org.openqa.selenium.remote.codec.w3c.W3CHttpResponseCodec.createException(W3CHttpResponseCodec.java:200)
	at org.openqa.selenium.remote.codec.w3c.W3CHttpResponseCodec.decode(W3CHttpResponseCodec.java:133)
	at org.openqa.selenium.remote.codec.w3c.W3CHttpResponseCodec.decode(W3CHttpResponseCodec.java:52)
	at org.openqa.selenium.remote.HttpCommandExecutor.execute(HttpCommandExecutor.java:191)
	at org.openqa.selenium.remote.service.DriverCommandExecutor.invokeExecute(DriverCommandExecutor.java:200)
	at org.openqa.selenium.remote.service.DriverCommandExecutor.execute(DriverCommandExecutor.java:175)
	at org.openqa.selenium.remote.RemoteWebDriver.execute(RemoteWebDriver.java:607)
	at org.openqa.selenium.remote.ElementLocation$ElementFinder$2.findElement(ElementLocation.java:165)
	at org.openqa.selenium.remote.ElementLocation.findElement(ElementLocation.java:59)
	at org.openqa.selenium.remote.RemoteWebDriver.findElement(RemoteWebDriver.java:364)
	at org.openqa.selenium.remote.RemoteWebDriver.findElement(RemoteWebDriver.java:358)
	at com.travel_Insurance.pageObjects.carInsurancePage.carInsButton(carInsurancePage.java:47)
	at com.travel_Insurance.stepDefinitions.smokeAndRegressionStepdefination.user_navigates_to_car_insurance_page(smokeAndRegressionStepdefination.java:203)
	at ✽.user navigates to car insurance page(file:///C:/Users/2304125/eclipse-workspace/travel_Insurance/src/test/resources/featureFile/policybazaarSmoke.feature:110)
</textarea>
      
      </div>
              </div>
              <div class="step skip-bg" title="com.travel_Insurance.stepDefinitions.smokeAndRegressionStepdefination.user_enters_valid_fullname_email_and_invalid_phoneno()">
                <span>When user enters valid fullname, email and invalid phoneno</span>
      <div>Step skipped
      </div>
              </div>
              <div class="step skip-bg" title="com.travel_Insurance.stepDefinitions.smokeAndRegressionStepdefination.user_capture_error_message_of_invalid_phoneno()">
                <span>Then user capture error message of invalid phoneno</span>
      <div>Step skipped
      </div>
              </div>
          </div>
        </div>
  </div>
  <div class="card">
    <div class="card-header" role="tab">
      <div class="card-title">
        <div class="node" id="274"><span class="badge log fail-bg mr-2">Fail</span>car insurance contacts page mail error</div>
      </div>
    </div>
        <div class="">
          <div class="card-body">
              <div class="step fail-bg" title="com.travel_Insurance.stepDefinitions.smokeAndRegressionStepdefination.user_navigates_to_car_insurance_page()">
                <span>Given user navigates to car insurance page</span>
      <div>
        <textarea disabled class="code-block">org.openqa.selenium.NoSuchElementException: no such element: Unable to locate element: {"method":"xpath","selector":"(//div[@class='prd-icon add shadowHandler short'])[4]"}
  (Session info: chrome=120.0.6099.130)
For documentation on this error, please visit: https://www.selenium.dev/documentation/webdriver/troubleshooting/errors#no-such-element-exception
Build info: version: '4.15.0', revision: '1d14b5521b'
System info: os.name: 'Windows 11', os.arch: 'amd64', os.version: '10.0', java.version: '17.0.9'
Driver info: org.openqa.selenium.chrome.ChromeDriver
Command: [1e5af89cb679ae20eda227b785612f13, findElement {using=xpath, value=(//div[@class='prd-icon add shadowHandler short'])[4]}]
Capabilities {acceptInsecureCerts: false, browserName: chrome, browserVersion: 120.0.6099.130, chrome: {chromedriverVersion: 120.0.6099.109 (3419140ab66..., userDataDir: C:\Windows\SystemTemp\scope...}, fedcm:accounts: true, goog:chromeOptions: {debuggerAddress: localhost:58487}, networkConnectionEnabled: false, pageLoadStrategy: normal, platformName: windows, proxy: Proxy(), se:cdp: ws://localhost:58487/devtoo..., se:cdpVersion: 120.0.6099.130, setWindowRect: true, strictFileInteractability: false, timeouts: {implicit: 0, pageLoad: 300000, script: 30000}, unhandledPromptBehavior: dismiss and notify, webauthn:extension:credBlob: true, webauthn:extension:largeBlob: true, webauthn:extension:minPinLength: true, webauthn:extension:prf: true, webauthn:virtualAuthenticators: true}
Session ID: 1e5af89cb679ae20eda227b785612f13
	at jdk.internal.reflect.GeneratedConstructorAccessor41.newInstance(Unknown Source)
	at java.base/jdk.internal.reflect.DelegatingConstructorAccessorImpl.newInstance(DelegatingConstructorAccessorImpl.java:45)
	at java.base/java.lang.reflect.Constructor.newInstanceWithCaller(Constructor.java:499)
	at java.base/java.lang.reflect.Constructor.newInstance(Constructor.java:480)
	at org.openqa.selenium.remote.codec.w3c.W3CHttpResponseCodec.createException(W3CHttpResponseCodec.java:200)
	at org.openqa.selenium.remote.codec.w3c.W3CHttpResponseCodec.decode(W3CHttpResponseCodec.java:133)
	at org.openqa.selenium.remote.codec.w3c.W3CHttpResponseCodec.decode(W3CHttpResponseCodec.java:52)
	at org.openqa.selenium.remote.HttpCommandExecutor.execute(HttpCommandExecutor.java:191)
	at org.openqa.selenium.remote.service.DriverCommandExecutor.invokeExecute(DriverCommandExecutor.java:200)
	at org.openqa.selenium.remote.service.DriverCommandExecutor.execute(DriverCommandExecutor.java:175)
	at org.openqa.selenium.remote.RemoteWebDriver.execute(RemoteWebDriver.java:607)
	at org.openqa.selenium.remote.ElementLocation$ElementFinder$2.findElement(ElementLocation.java:165)
	at org.openqa.selenium.remote.ElementLocation.findElement(ElementLocation.java:59)
	at org.openqa.selenium.remote.RemoteWebDriver.findElement(RemoteWebDriver.java:364)
	at org.openqa.selenium.remote.RemoteWebDriver.findElement(RemoteWebDriver.java:358)
	at com.travel_Insurance.pageObjects.carInsurancePage.carInsButton(carInsurancePage.java:47)
	at com.travel_Insurance.stepDefinitions.smokeAndRegressionStepdefination.user_navigates_to_car_insurance_page(smokeAndRegressionStepdefination.java:203)
	at ✽.user navigates to car insurance page(file:///C:/Users/2304125/eclipse-workspace/travel_Insurance/src/test/resources/featureFile/policybazaarSmoke.feature:116)
</textarea>
      
      </div>
              </div>
              <div class="step skip-bg" title="com.travel_Insurance.stepDefinitions.smokeAndRegressionStepdefination.user_enters_valid_fullname_phone_and_invalid_email()">
                <span>When user enters valid fullname, phone and invalid email</span>
      <div>Step skipped
      </div>
              </div>
              <div class="step skip-bg" title="com.travel_Insurance.stepDefinitions.smokeAndRegressionStepdefination.user_capture_error_message_invalid_mail()">
                <span>Then user capture error message invalid mail</span>
      <div>Step skipped
      </div>
              </div>
          </div>
        </div>
  </div>
  <div class="card">
    <div class="card-header" role="tab">
      <div class="card-title">
        <div class="node" id="283"><span class="badge log fail-bg mr-2">Fail</span>back to home page from travel page</div>
      </div>
    </div>
        <div class="">
          <div class="card-body">
              <div class="step fail-bg" title="com.travel_Insurance.stepDefinitions.smokeAndRegressionStepdefination.user_is_in_car_contact_details_page()">
                <span>Given user is in car contact details page</span>
      <div>
        <textarea disabled class="code-block">org.openqa.selenium.NoSuchElementException: no such element: Unable to locate element: {"method":"xpath","selector":"(//div[@class='prd-icon add shadowHandler short'])[4]"}
  (Session info: chrome=120.0.6099.130)
For documentation on this error, please visit: https://www.selenium.dev/documentation/webdriver/troubleshooting/errors#no-such-element-exception
Build info: version: '4.15.0', revision: '1d14b5521b'
System info: os.name: 'Windows 11', os.arch: 'amd64', os.version: '10.0', java.version: '17.0.9'
Driver info: org.openqa.selenium.chrome.ChromeDriver
Command: [45a92e96dd5aaa84b2b94e6345719b46, findElement {using=xpath, value=(//div[@class='prd-icon add shadowHandler short'])[4]}]
Capabilities {acceptInsecureCerts: false, browserName: chrome, browserVersion: 120.0.6099.130, chrome: {chromedriverVersion: 120.0.6099.109 (3419140ab66..., userDataDir: C:\Windows\SystemTemp\scope...}, fedcm:accounts: true, goog:chromeOptions: {debuggerAddress: localhost:58531}, networkConnectionEnabled: false, pageLoadStrategy: normal, platformName: windows, proxy: Proxy(), se:cdp: ws://localhost:58531/devtoo..., se:cdpVersion: 120.0.6099.130, setWindowRect: true, strictFileInteractability: false, timeouts: {implicit: 0, pageLoad: 300000, script: 30000}, unhandledPromptBehavior: dismiss and notify, webauthn:extension:credBlob: true, webauthn:extension:largeBlob: true, webauthn:extension:minPinLength: true, webauthn:extension:prf: true, webauthn:virtualAuthenticators: true}
Session ID: 45a92e96dd5aaa84b2b94e6345719b46
	at jdk.internal.reflect.GeneratedConstructorAccessor41.newInstance(Unknown Source)
	at java.base/jdk.internal.reflect.DelegatingConstructorAccessorImpl.newInstance(DelegatingConstructorAccessorImpl.java:45)
	at java.base/java.lang.reflect.Constructor.newInstanceWithCaller(Constructor.java:499)
	at java.base/java.lang.reflect.Constructor.newInstance(Constructor.java:480)
	at org.openqa.selenium.remote.codec.w3c.W3CHttpResponseCodec.createException(W3CHttpResponseCodec.java:200)
	at org.openqa.selenium.remote.codec.w3c.W3CHttpResponseCodec.decode(W3CHttpResponseCodec.java:133)
	at org.openqa.selenium.remote.codec.w3c.W3CHttpResponseCodec.decode(W3CHttpResponseCodec.java:52)
	at org.openqa.selenium.remote.HttpCommandExecutor.execute(HttpCommandExecutor.java:191)
	at org.openqa.selenium.remote.service.DriverCommandExecutor.invokeExecute(DriverCommandExecutor.java:200)
	at org.openqa.selenium.remote.service.DriverCommandExecutor.execute(DriverCommandExecutor.java:175)
	at org.openqa.selenium.remote.RemoteWebDriver.execute(RemoteWebDriver.java:607)
	at org.openqa.selenium.remote.ElementLocation$ElementFinder$2.findElement(ElementLocation.java:165)
	at org.openqa.selenium.remote.ElementLocation.findElement(ElementLocation.java:59)
	at org.openqa.selenium.remote.RemoteWebDriver.findElement(RemoteWebDriver.java:364)
	at org.openqa.selenium.remote.RemoteWebDriver.findElement(RemoteWebDriver.java:358)
	at com.travel_Insurance.pageObjects.carInsurancePage.carInsButton(carInsurancePage.java:47)
	at com.travel_Insurance.stepDefinitions.smokeAndRegressionStepdefination.user_is_in_car_contact_details_page(smokeAndRegressionStepdefination.java:356)
	at ✽.user is in car contact details page(file:///C:/Users/2304125/eclipse-workspace/travel_Insurance/src/test/resources/featureFile/policybazaarSmoke.feature:122)
</textarea>
      
      </div>
              </div>
              <div class="step skip-bg" title="com.travel_Insurance.stepDefinitions.smokeAndRegressionStepdefination.user_clicks_on_policy_bazaar_icon()">
                <span>When user clicks on policy bazaar icon</span>
      <div>Step skipped
      </div>
              </div>
              <div class="step skip-bg" title="com.travel_Insurance.stepDefinitions.smokeAndRegressionStepdefination.user_navigates_to_home_page_of_policy_bazaar()">
                <span>Then user navigates to home page of policy bazaar</span>
      <div>Step skipped
      </div>
              </div>
          </div>
        </div>
  </div>
  <div class="card">
    <div class="card-header" role="tab">
      <div class="card-title">
        <div class="node" id="292"><span class="badge log pass-bg mr-2">Pass</span>Health insurance menu</div>
          <div class="status-avatar float-right mr-4">
            <i class="fa fa-paperclip"></i>
          </div>
      </div>
    </div>
        <div class="collapse">
          <div class="card-body">
              <div class="step pass-bg" title="com.travel_Insurance.stepDefinitions.healthInsuranceStepdefination.user_should_be_in_policy_bazaar_home_page_for_health_insurance()">
                <span>Given User should be in policy bazaar home page for health insurance</span>
      <div>
      </div>
              </div>
              <div class="step pass-bg" title="AFTER_STEP">
                <span>com.travel_Insurance.stepDefinitions.hooks.addScreenshot(io.cucumber.java.Scenario)</span>
      <div>Health insurance menu
          <div class="row mb-3"><div class="col-md-3">
<img data-featherlight='../Screenshots/embedded11.png' src="../Screenshots/embedded11.png">
    
    </div></div>
</div>
      <div>
      </div>
              </div>
              <div class="step pass-bg" title="com.travel_Insurance.stepDefinitions.healthInsuranceStepdefination.user_clicked_on_insurance_products_dropdown()">
                <span>When User clicked on Insurance Products dropdown</span>
      <div>
      </div>
              </div>
              <div class="step pass-bg" title="AFTER_STEP">
                <span>com.travel_Insurance.stepDefinitions.hooks.addScreenshot(io.cucumber.java.Scenario)</span>
      <div>Health insurance menu
          <div class="row mb-3"><div class="col-md-3">
<img data-featherlight='../Screenshots/embedded12.png' src="../Screenshots/embedded12.png">
    
    </div></div>
</div>
      <div>
      </div>
              </div>
              <div class="step pass-bg" title="com.travel_Insurance.stepDefinitions.healthInsuranceStepdefination.user_store_all_the_health_insurance_menu_in_dropdown_displayed()">
                <span>Then User store all the health insurance menu in dropdown displayed</span>
      <div>
      </div>
              </div>
              <div class="step pass-bg" title="AFTER_STEP">
                <span>com.travel_Insurance.stepDefinitions.hooks.addScreenshot(io.cucumber.java.Scenario)</span>
      <div>Health insurance menu
          <div class="row mb-3"><div class="col-md-3">
<img data-featherlight='../Screenshots/embedded13.png' src="../Screenshots/embedded13.png">
    
    </div></div>
</div>
      <div>
      </div>
              </div>
          </div>
        </div>
  </div>
  <div class="card">
    <div class="card-header" role="tab">
      <div class="card-title">
        <div class="node" id="301"><span class="badge log pass-bg mr-2">Pass</span>Health insurance link</div>
          <div class="status-avatar float-right mr-4">
            <i class="fa fa-paperclip"></i>
          </div>
      </div>
    </div>
        <div class="collapse">
          <div class="card-body">
              <div class="step pass-bg" title="com.travel_Insurance.stepDefinitions.healthInsuranceStepdefination.user_should_be_in_policy_bazaar_home_page_for_health_insurance()">
                <span>Given User should be in policy bazaar home page for health insurance</span>
      <div>
      </div>
              </div>
              <div class="step pass-bg" title="AFTER_STEP">
                <span>com.travel_Insurance.stepDefinitions.hooks.addScreenshot(io.cucumber.java.Scenario)</span>
      <div>Health insurance link
          <div class="row mb-3"><div class="col-md-3">
<img data-featherlight='../Screenshots/embedded14.png' src="../Screenshots/embedded14.png">
    
    </div></div>
</div>
      <div>
      </div>
              </div>
              <div class="step pass-bg" title="com.travel_Insurance.stepDefinitions.healthInsuranceStepdefination.user_clicked_on_insurance_products_dropdown()">
                <span>When User clicked on Insurance Products dropdown</span>
      <div>
      </div>
              </div>
              <div class="step pass-bg" title="AFTER_STEP">
                <span>com.travel_Insurance.stepDefinitions.hooks.addScreenshot(io.cucumber.java.Scenario)</span>
      <div>Health insurance link
          <div class="row mb-3"><div class="col-md-3">
<img data-featherlight='../Screenshots/embedded15.png' src="../Screenshots/embedded15.png">
    
    </div></div>
</div>
      <div>
      </div>
              </div>
              <div class="step pass-bg" title="com.travel_Insurance.stepDefinitions.healthInsuranceStepdefination.user_clicked_on_health_insurance_and_navigated_to_health_insurance_page()">
                <span>When User clicked on health insurance  and navigated to health insurance page</span>
      <div>
      </div>
              </div>
              <div class="step pass-bg" title="AFTER_STEP">
                <span>com.travel_Insurance.stepDefinitions.hooks.addScreenshot(io.cucumber.java.Scenario)</span>
      <div>Health insurance link
          <div class="row mb-3"><div class="col-md-3">
<img data-featherlight='../Screenshots/embedded16.png' src="../Screenshots/embedded16.png">
    
    </div></div>
</div>
      <div>
      </div>
              </div>
              <div class="step pass-bg" title="com.travel_Insurance.stepDefinitions.healthInsuranceStepdefination.user_verify_title_of_health_insurance_page()">
                <span>Then User verify title of health insurance page</span>
      <div>
      </div>
              </div>
              <div class="step pass-bg" title="AFTER_STEP">
                <span>com.travel_Insurance.stepDefinitions.hooks.addScreenshot(io.cucumber.java.Scenario)</span>
      <div>Health insurance link
          <div class="row mb-3"><div class="col-md-3">
<img data-featherlight='../Screenshots/embedded17.png' src="../Screenshots/embedded17.png">
    
    </div></div>
</div>
      <div>
      </div>
              </div>
          </div>
        </div>
  </div>
  <div class="card">
    <div class="card-header" role="tab">
      <div class="card-title">
        <div class="node" id="312"><span class="badge log pass-bg mr-2">Pass</span>Health insurance candidate</div>
          <div class="status-avatar float-right mr-4">
            <i class="fa fa-paperclip"></i>
          </div>
      </div>
    </div>
        <div class="collapse">
          <div class="card-body">
              <div class="step pass-bg" title="com.travel_Insurance.stepDefinitions.smokeAndRegressionStepdefination.user_should_be_in_health_insurance_insurance_who_page()">
                <span>Given User should be in health insurance insurance who page</span>
      <div>
      </div>
              </div>
              <div class="step pass-bg" title="AFTER_STEP">
                <span>com.travel_Insurance.stepDefinitions.hooks.addScreenshot(io.cucumber.java.Scenario)</span>
      <div>Health insurance candidate
          <div class="row mb-3"><div class="col-md-3">
<img data-featherlight='../Screenshots/embedded18.png' src="../Screenshots/embedded18.png">
    
    </div></div>
</div>
      <div>
      </div>
              </div>
              <div class="step pass-bg" title="com.travel_Insurance.stepDefinitions.smokeAndRegressionStepdefination.user_clicks_on_select_self_as_a_member()">
                <span>When user clicks on select self as a member</span>
      <div>
      </div>
              </div>
              <div class="step pass-bg" title="AFTER_STEP">
                <span>com.travel_Insurance.stepDefinitions.hooks.addScreenshot(io.cucumber.java.Scenario)</span>
      <div>Health insurance candidate
          <div class="row mb-3"><div class="col-md-3">
<img data-featherlight='../Screenshots/embedded19.png' src="../Screenshots/embedded19.png">
    
    </div></div>
</div>
      <div>
      </div>
              </div>
              <div class="step pass-bg" title="com.travel_Insurance.stepDefinitions.smokeAndRegressionStepdefination.user_clicks_on_continue_button_in_insurance_page()">
                <span>Then user clicks on continue button in insurance page</span>
      <div>
      </div>
              </div>
              <div class="step pass-bg" title="AFTER_STEP">
                <span>com.travel_Insurance.stepDefinitions.hooks.addScreenshot(io.cucumber.java.Scenario)</span>
      <div>Health insurance candidate
          <div class="row mb-3"><div class="col-md-3">
<img data-featherlight='../Screenshots/embedded20.png' src="../Screenshots/embedded20.png">
    
    </div></div>
</div>
      <div>
      </div>
              </div>
          </div>
        </div>
  </div>
  <div class="card">
    <div class="card-header" role="tab">
      <div class="card-title">
        <div class="node" id="321"><span class="badge log pass-bg mr-2">Pass</span>Health insurance age page</div>
          <div class="status-avatar float-right mr-4">
            <i class="fa fa-paperclip"></i>
          </div>
      </div>
    </div>
        <div class="collapse">
          <div class="card-body">
              <div class="step pass-bg" title="com.travel_Insurance.stepDefinitions.smokeAndRegressionStepdefination.user_navigates_to_age_page()">
                <span>Given user navigates to age page</span>
      <div>
      </div>
              </div>
              <div class="step pass-bg" title="AFTER_STEP">
                <span>com.travel_Insurance.stepDefinitions.hooks.addScreenshot(io.cucumber.java.Scenario)</span>
      <div>Health insurance age page
          <div class="row mb-3"><div class="col-md-3">
<img data-featherlight='../Screenshots/embedded21.png' src="../Screenshots/embedded21.png">
    
    </div></div>
</div>
      <div>
      </div>
              </div>
              <div class="step pass-bg" title="com.travel_Insurance.stepDefinitions.smokeAndRegressionStepdefination.user_selects_age_from_drop_down()">
                <span>When user selects age from drop down</span>
      <div>
      </div>
              </div>
              <div class="step pass-bg" title="AFTER_STEP">
                <span>com.travel_Insurance.stepDefinitions.hooks.addScreenshot(io.cucumber.java.Scenario)</span>
      <div>Health insurance age page
          <div class="row mb-3"><div class="col-md-3">
<img data-featherlight='../Screenshots/embedded22.png' src="../Screenshots/embedded22.png">
    
    </div></div>
</div>
      <div>
      </div>
              </div>
              <div class="step pass-bg" title="com.travel_Insurance.stepDefinitions.smokeAndRegressionStepdefination.user_click_on_continue_button_in_age_page()">
                <span>And user click on continue button in age page</span>
      <div>
      </div>
              </div>
              <div class="step pass-bg" title="AFTER_STEP">
                <span>com.travel_Insurance.stepDefinitions.hooks.addScreenshot(io.cucumber.java.Scenario)</span>
      <div>Health insurance age page
          <div class="row mb-3"><div class="col-md-3">
<img data-featherlight='../Screenshots/embedded23.png' src="../Screenshots/embedded23.png">
    
    </div></div>
</div>
      <div>
      </div>
              </div>
          </div>
        </div>
  </div>
  <div class="card">
    <div class="card-header" role="tab">
      <div class="card-title">
        <div class="node" id="330"><span class="badge log fail-bg mr-2">Fail</span>Health insurance city page</div>
      </div>
    </div>
        <div class="">
          <div class="card-body">
              <div class="step fail-bg" title="BEFORE">
                <span>com.travel_Insurance.stepDefinitions.hooks.setup()</span>
      <div>
        <textarea disabled class="code-block">org.openqa.selenium.NoSuchWindowException: no such window: target window already closed
from unknown error: web view not found
  (Session info: chrome=120.0.6099.130)
Build info: version: '4.15.0', revision: '1d14b5521b'
System info: os.name: 'Windows 11', os.arch: 'amd64', os.version: '10.0', java.version: '17.0.9'
Driver info: org.openqa.selenium.chrome.ChromeDriver
Command: [6fcebf50131dfd621a01f464fd808af6, maximizeCurrentWindow {}]
Capabilities {acceptInsecureCerts: false, browserName: chrome, browserVersion: 120.0.6099.130, chrome: {chromedriverVersion: 120.0.6099.109 (3419140ab66..., userDataDir: C:\Windows\SystemTemp\scope...}, fedcm:accounts: true, goog:chromeOptions: {debuggerAddress: localhost:58967}, networkConnectionEnabled: false, pageLoadStrategy: normal, platformName: windows, proxy: Proxy(), se:cdp: ws://localhost:58967/devtoo..., se:cdpVersion: 120.0.6099.130, setWindowRect: true, strictFileInteractability: false, timeouts: {implicit: 0, pageLoad: 300000, script: 30000}, unhandledPromptBehavior: dismiss and notify, webauthn:extension:credBlob: true, webauthn:extension:largeBlob: true, webauthn:extension:minPinLength: true, webauthn:extension:prf: true, webauthn:virtualAuthenticators: true}
Session ID: 6fcebf50131dfd621a01f464fd808af6
	at java.base/jdk.internal.reflect.NativeConstructorAccessorImpl.newInstance0(Native Method)
	at java.base/jdk.internal.reflect.NativeConstructorAccessorImpl.newInstance(NativeConstructorAccessorImpl.java:77)
	at java.base/jdk.internal.reflect.DelegatingConstructorAccessorImpl.newInstance(DelegatingConstructorAccessorImpl.java:45)
	at java.base/java.lang.reflect.Constructor.newInstanceWithCaller(Constructor.java:499)
	at java.base/java.lang.reflect.Constructor.newInstance(Constructor.java:480)
	at org.openqa.selenium.remote.codec.w3c.W3CHttpResponseCodec.createException(W3CHttpResponseCodec.java:200)
	at org.openqa.selenium.remote.codec.w3c.W3CHttpResponseCodec.decode(W3CHttpResponseCodec.java:133)
	at org.openqa.selenium.remote.codec.w3c.W3CHttpResponseCodec.decode(W3CHttpResponseCodec.java:52)
	at org.openqa.selenium.remote.HttpCommandExecutor.execute(HttpCommandExecutor.java:191)
	at org.openqa.selenium.remote.service.DriverCommandExecutor.invokeExecute(DriverCommandExecutor.java:200)
	at org.openqa.selenium.remote.service.DriverCommandExecutor.execute(DriverCommandExecutor.java:175)
	at org.openqa.selenium.remote.RemoteWebDriver.execute(RemoteWebDriver.java:607)
	at org.openqa.selenium.remote.RemoteWebDriver.execute(RemoteWebDriver.java:680)
	at org.openqa.selenium.remote.RemoteWebDriver.execute(RemoteWebDriver.java:684)
	at org.openqa.selenium.remote.RemoteWebDriver$RemoteWebDriverOptions$RemoteWindow.maximize(RemoteWebDriver.java:1123)
	at com.travel_Insurance.stepDefinitions.hooks.setup(hooks.java:33)
</textarea>
      
      </div>
              </div>
              <div class="step skip-bg" title="com.travel_Insurance.stepDefinitions.smokeAndRegressionStepdefination.user_navigates_to_city_page()">
                <span>Given user navigates to city page</span>
      <div>Step skipped
      </div>
              </div>
              <div class="step skip-bg" title="com.travel_Insurance.stepDefinitions.smokeAndRegressionStepdefination.user_selects_city_from_popular_cities_and_clicks_on_continue_button()">
                <span>When user selects city from popular cities and clicks on continue button</span>
      <div>Step skipped
      </div>
              </div>
          </div>
        </div>
  </div>
  <div class="card">
    <div class="card-header" role="tab">
      <div class="card-title">
        <div class="node" id="337"><span class="badge log pass-bg mr-2">Pass</span>Health insurance positive contact page</div>
          <div class="status-avatar float-right mr-4">
            <i class="fa fa-paperclip"></i>
          </div>
      </div>
    </div>
        <div class="collapse">
          <div class="card-body">
              <div class="step pass-bg" title="com.travel_Insurance.stepDefinitions.smokeAndRegressionStepdefination.user_navigates_to_city_page()">
                <span>Given user navigates to city page</span>
      <div>
      </div>
              </div>
              <div class="step pass-bg" title="AFTER_STEP">
                <span>com.travel_Insurance.stepDefinitions.hooks.addScreenshot(io.cucumber.java.Scenario)</span>
      <div>Health insurance positive contact page
          <div class="row mb-3"><div class="col-md-3">
<img data-featherlight='../Screenshots/embedded24.png' src="../Screenshots/embedded24.png">
    
    </div></div>
</div>
      <div>
      </div>
              </div>
              <div class="step pass-bg" title="com.travel_Insurance.stepDefinitions.smokeAndRegressionStepdefination.user_enters_valid_name_and_phone_number_in_textboxes_in_contact_details()">
                <span>When user enters valid name and phone number in textboxes in contact details</span>
      <div>
      </div>
              </div>
              <div class="step pass-bg" title="AFTER_STEP">
                <span>com.travel_Insurance.stepDefinitions.hooks.addScreenshot(io.cucumber.java.Scenario)</span>
      <div>Health insurance positive contact page
          <div class="row mb-3"><div class="col-md-3">
<img data-featherlight='../Screenshots/embedded25.png' src="../Screenshots/embedded25.png">
    
    </div></div>
</div>
      <div>
      </div>
              </div>
              <div class="step pass-bg" title="com.travel_Insurance.stepDefinitions.smokeAndRegressionStepdefination.user_clicks_on_continue_button_in_contact_page()">
                <span>When user clicks on continue button in contact page</span>
      <div>
      </div>
              </div>
              <div class="step pass-bg" title="AFTER_STEP">
                <span>com.travel_Insurance.stepDefinitions.hooks.addScreenshot(io.cucumber.java.Scenario)</span>
      <div>Health insurance positive contact page
          <div class="row mb-3"><div class="col-md-3">
<img data-featherlight='../Screenshots/embedded26.png' src="../Screenshots/embedded26.png">
    
    </div></div>
</div>
      <div>
      </div>
              </div>
              <div class="step pass-bg" title="com.travel_Insurance.stepDefinitions.smokeAndRegressionStepdefination.user_unchecks_whatsapp_button_and_select_noneofthese_in_medical_history()">
                <span>And user unchecks whatsapp button and select noneofthese in medical history</span>
      <div>
      </div>
              </div>
              <div class="step pass-bg" title="AFTER_STEP">
                <span>com.travel_Insurance.stepDefinitions.hooks.addScreenshot(io.cucumber.java.Scenario)</span>
      <div>Health insurance positive contact page
          <div class="row mb-3"><div class="col-md-3">
<img data-featherlight='../Screenshots/embedded27.png' src="../Screenshots/embedded27.png">
    
    </div></div>
</div>
      <div>
      </div>
              </div>
          </div>
        </div>
  </div>
</div>
          </div>
        </li>
      </ul>
    </div>
  </div>
<div class="test-content scrollable">
<div class="test-content-tools">
<ul><li><a class="back-to-test" href="#"><i class="fa fa-arrow-left"></i></a></li></ul>
</div>
<div class="test-content-detail"><div class="detail-body"></div></div>
</div></div>
<div class="test-wrapper row view exception-view attributes-view">
<div class="test-list">
<div class="test-list-tools">
<ul class="tools pull-left"><li><a href=""><span class="font-size-14">Exception</span></a></li></ul>
<ul class="tools text-right"><li><a href="#"><span class="badge badge-primary">2</span></a></li></ul>
</div>
<div class="test-list-wrapper scrollable">
<ul class="test-list-item">
<li class="test-item">
<div class="test-detail">
<span class="meta">
<span class='badge log badge-danger'>24</span>
</span>
<p class="name">org.openqa.selenium.NoSuchElementException</p>
<p class="duration text-sm">24 tests</p>
</div>
<div class="test-contents d-none">
<div class="info">
<h4>org.openqa.selenium.NoSuchElementException</h4>
<span status="fail" class='badge log badge-danger'>24 failed</span>
</div>
<table class='table table-sm mt-4'>
<thead>
<tr>
<th class="status-col">Status</th>
<th class="timestamp-col">Timestamp</th>
<th>TestName</th>
</tr>
</thead>
<tbody>
<tr class="tag-test-status" status="fail">
<td><span class="badge log fail-bg">Fail</span></td>
<td>13:47:38 pm</td>
<td>
<a href="#" class="linked" test-id='1' id='15'>When User selects dates from calender for start and end in Travel Insurance page Trip "April 2024""24""May 2024""24"</a>
<div class="">
<span class="badge badge-default">Policy bazaar.Travel Insurance.When User selects dates from calender for start and end in Travel Insurance page Trip "April 2024""24""May 2024""24"</span>
</div>
</td>
</tr>
<tr class="tag-test-status" status="fail">
<td><span class="badge log fail-bg">Fail</span></td>
<td>13:48:36 pm</td>
<td>
<a href="#" class="linked" test-id='1' id='43'>When User clicks on Car Insurance in policy bazaar home page</a>
<div class="">
<span class="badge badge-default">Policy bazaar.Car Insurance.When User clicks on Car Insurance in policy bazaar home page</span>
</div>
</td>
</tr>
<tr class="tag-test-status" status="fail">
<td><span class="badge log fail-bg">Fail</span></td>
<td>13:48:56 pm</td>
<td>
<a href="#" class="linked" test-id='1' id='71'>When User clicked on Insurance Products dropdown</a>
<div class="">
<span class="badge badge-default">Policy bazaar.Health Insurance.When User clicked on Insurance Products dropdown</span>
</div>
</td>
</tr>
<tr class="tag-test-status" status="fail">
<td><span class="badge log fail-bg">Fail</span></td>
<td>13:49:14 pm</td>
<td>
<a href="#" class="linked" test-id='86' id='89'>Given user is in results page of travel insurance</a>
<div class="">
<span class="badge badge-default">Insurance_regression.Travel Insurance results.Given user is in results page of travel insurance</span>
</div>
</td>
</tr>
<tr class="tag-test-status" status="fail">
<td><span class="badge log fail-bg">Fail</span></td>
<td>13:49:28 pm</td>
<td>
<a href="#" class="linked" test-id='86' id='100'>Given user navigates to contact details page</a>
<div class="">
<span class="badge badge-default">Insurance_regression.Travel insurance contact details page.Given user navigates to contact details page</span>
</div>
</td>
</tr>
<tr class="tag-test-status" status="fail">
<td><span class="badge log fail-bg">Fail</span></td>
<td>13:49:42 pm</td>
<td>
<a href="#" class="linked" test-id='86' id='109'>Given user navigates to health insurances details page</a>
<div class="">
<span class="badge badge-default">Insurance_regression.Health Insurances results.Given user navigates to health insurances details page</span>
</div>
</td>
</tr>
<tr class="tag-test-status" status="fail">
<td><span class="badge log fail-bg">Fail</span></td>
<td>13:50:01 pm</td>
<td>
<a href="#" class="linked" test-id='86' id='116'>Given user navigates to city page</a>
<div class="">
<span class="badge badge-default">Insurance_regression.Health insurance positive contact page.Given user navigates to city page</span>
</div>
</td>
</tr>
<tr class="tag-test-status" status="fail">
<td><span class="badge log fail-bg">Fail</span></td>
<td>13:50:19 pm</td>
<td>
<a href="#" class="linked" test-id='123' id='129'>When user clicked on travel insurance link and navigated to destination page</a>
<div class="">
<span class="badge badge-default">Insurances_smoke.Travel insurance home page.When user clicked on travel insurance link and navigated to destination page</span>
</div>
</td>
</tr>
<tr class="tag-test-status" status="fail">
<td><span class="badge log fail-bg">Fail</span></td>
<td>13:50:33 pm</td>
<td>
<a href="#" class="linked" test-id='123' id='138'>Given user navigates to trip dates page</a>
<div class="">
<span class="badge badge-default">Insurances_smoke.Travel insurance trip date page.Given user navigates to trip dates page</span>
</div>
</td>
</tr>
<tr class="tag-test-status" status="fail">
<td><span class="badge log fail-bg">Fail</span></td>
<td>13:50:47 pm</td>
<td>
<a href="#" class="linked" test-id='123' id='147'>Given user navigates to traveller page</a>
<div class="">
<span class="badge badge-default">Insurances_smoke.Travel insurance traveller page.Given user navigates to traveller page</span>
</div>
</td>
</tr>
<tr class="tag-test-status" status="fail">
<td><span class="badge log fail-bg">Fail</span></td>
<td>13:51:01 pm</td>
<td>
<a href="#" class="linked" test-id='123' id='158'>Given user navigates to medical history page</a>
<div class="">
<span class="badge badge-default">Insurances_smoke.Travel insurance medical history page.Given user navigates to medical history page</span>
</div>
</td>
</tr>
<tr class="tag-test-status" status="fail">
<td><span class="badge log fail-bg">Fail</span></td>
<td>13:51:15 pm</td>
<td>
<a href="#" class="linked" test-id='123' id='167'>Given user navigates to contact details page</a>
<div class="">
<span class="badge badge-default">Insurances_smoke.Travel insurance results page.Given user navigates to contact details page</span>
</div>
</td>
</tr>
<tr class="tag-test-status" status="fail">
<td><span class="badge log fail-bg">Fail</span></td>
<td>13:51:28 pm</td>
<td>
<a href="#" class="linked" test-id='123' id='178'>Given user is in results page of travel insurance</a>
<div class="">
<span class="badge badge-default">Insurances_smoke.back to home page from travel page.Given user is in results page of travel insurance</span>
</div>
</td>
</tr>
<tr class="tag-test-status" status="fail">
<td><span class="badge log fail-bg">Fail</span></td>
<td>13:51:42 pm</td>
<td>
<a href="#" class="linked" test-id='123' id='189'>When User clicks on Car Insurance in policy bazaar home page</a>
<div class="">
<span class="badge badge-default">Insurances_smoke.car insurance home page.When User clicks on Car Insurance in policy bazaar home page</span>
</div>
</td>
</tr>
<tr class="tag-test-status" status="fail">
<td><span class="badge log fail-bg">Fail</span></td>
<td>13:52:01 pm</td>
<td>
<a href="#" class="linked" test-id='123' id='203'>When User clicks on Car Insurance in policy bazaar home page</a>
<div class="">
<span class="badge badge-default">Insurances_smoke.car insurance car number page.When User clicks on Car Insurance in policy bazaar home page</span>
</div>
</td>
</tr>
<tr class="tag-test-status" status="fail">
<td><span class="badge log fail-bg">Fail</span></td>
<td>13:52:19 pm</td>
<td>
<a href="#" class="linked" test-id='123' id='215'>Given user navigates to car insurance page</a>
<div class="">
<span class="badge badge-default">Insurances_smoke.car insurance brand name page.Given user navigates to car insurance page</span>
</div>
</td>
</tr>
<tr class="tag-test-status" status="fail">
<td><span class="badge log fail-bg">Fail</span></td>
<td>13:52:38 pm</td>
<td>
<a href="#" class="linked" test-id='123' id='222'>Given user navigates to car insurance page</a>
<div class="">
<span class="badge badge-default">Insurances_smoke.car insurance model name page.Given user navigates to car insurance page</span>
</div>
</td>
</tr>
<tr class="tag-test-status" status="fail">
<td><span class="badge log fail-bg">Fail</span></td>
<td>13:52:57 pm</td>
<td>
<a href="#" class="linked" test-id='123' id='231'>Given user navigates to car insurance page</a>
<div class="">
<span class="badge badge-default">Insurances_smoke.car insurance fueltype page.Given user navigates to car insurance page</span>
</div>
</td>
</tr>
<tr class="tag-test-status" status="fail">
<td><span class="badge log fail-bg">Fail</span></td>
<td>13:53:15 pm</td>
<td>
<a href="#" class="linked" test-id='123' id='240'>Given user navigates to car insurance page</a>
<div class="">
<span class="badge badge-default">Insurances_smoke.car insurance variantType page.Given user navigates to car insurance page</span>
</div>
</td>
</tr>
<tr class="tag-test-status" status="fail">
<td><span class="badge log fail-bg">Fail</span></td>
<td>13:53:34 pm</td>
<td>
<a href="#" class="linked" test-id='123' id='249'>Given user navigates to car insurance page</a>
<div class="">
<span class="badge badge-default">Insurances_smoke.car insurance registeredyear page.Given user navigates to car insurance page</span>
</div>
</td>
</tr>
<tr class="tag-test-status" status="fail">
<td><span class="badge log fail-bg">Fail</span></td>
<td>13:53:52 pm</td>
<td>
<a href="#" class="linked" test-id='123' id='258'>Given user navigates to car insurance page</a>
<div class="">
<span class="badge badge-default">Insurances_smoke.car insurance contact details page all errors.Given user navigates to car insurance page</span>
</div>
</td>
</tr>
<tr class="tag-test-status" status="fail">
<td><span class="badge log fail-bg">Fail</span></td>
<td>13:54:11 pm</td>
<td>
<a href="#" class="linked" test-id='123' id='267'>Given user navigates to car insurance page</a>
<div class="">
<span class="badge badge-default">Insurances_smoke.car insurance contact details page mobile error.Given user navigates to car insurance page</span>
</div>
</td>
</tr>
<tr class="tag-test-status" status="fail">
<td><span class="badge log fail-bg">Fail</span></td>
<td>13:54:30 pm</td>
<td>
<a href="#" class="linked" test-id='123' id='276'>Given user navigates to car insurance page</a>
<div class="">
<span class="badge badge-default">Insurances_smoke.car insurance contacts page mail error.Given user navigates to car insurance page</span>
</div>
</td>
</tr>
<tr class="tag-test-status" status="fail">
<td><span class="badge log fail-bg">Fail</span></td>
<td>13:54:48 pm</td>
<td>
<a href="#" class="linked" test-id='123' id='285'>Given user is in car contact details page</a>
<div class="">
<span class="badge badge-default">Insurances_smoke.back to home page from travel page.Given user is in car contact details page</span>
</div>
</td>
</tr>
</tbody>
</table>
</div>
</li>
<li class="test-item">
<div class="test-detail">
<span class="meta">
<span class='badge log badge-danger'>1</span>
</span>
<p class="name">org.openqa.selenium.NoSuchWindowException</p>
<p class="duration text-sm">1 tests</p>
</div>
<div class="test-contents d-none">
<div class="info">
<h4>org.openqa.selenium.NoSuchWindowException</h4>
<span status="fail" class='badge log badge-danger'>1 failed</span>
</div>
<table class='table table-sm mt-4'>
<thead>
<tr>
<th class="status-col">Status</th>
<th class="timestamp-col">Timestamp</th>
<th>TestName</th>
</tr>
</thead>
<tbody>
<tr class="tag-test-status" status="fail">
<td><span class="badge log fail-bg">Fail</span></td>
<td>13:57:38 pm</td>
<td>
<a href="#" class="linked" test-id='123' id='331'>com.travel_Insurance.stepDefinitions.hooks.setup()</a>
<div class="">
<span class="badge badge-default">Insurances_smoke.Health insurance city page.com.travel_Insurance.stepDefinitions.hooks.setup()</span>
</div>
</td>
</tr>
</tbody>
</table>
</div>
</li>
</ul>
</div>
</div>
<div class="test-content scrollable">
<div class="test-content-detail">
<div class="detail-body"></div>
</div>
</div>
</div><div class="test-wrapper row view category-view attributes-view">
<div class="test-list">
<div class="test-list-tools">
<ul class="tools pull-left"><li><a href=""><span class="font-size-14">Category</span></a></li></ul>
<ul class="tools text-right"><li><a href="#"><span class="badge badge-primary">3</span></a></li></ul>
</div>
<div class="test-list-wrapper scrollable">
<ul class="test-list-item">
<li class="test-item">
<div class="test-detail">
<span class="meta">
<span class='badge log pass-bg'>5</span>
<span class='badge log badge-danger'>18</span>
</span>
<p class="name">@smoke</p>
<p class="duration text-sm">23 tests</p>
</div>
<div class="test-contents d-none">
<div class="info">
<h4>@smoke</h4>
<span status="pass" class='badge log pass-bg'>5 passed</span>
<span status="fail" class='badge log badge-danger'>18 failed</span>
</div>
<table class='table table-sm mt-4'>
<thead>
<tr>
<th class="status-col">Status</th>
<th class="timestamp-col">Timestamp</th>
<th>TestName</th>
</tr>
</thead>
<tbody>
<tr class="tag-test-status" status="fail">
<td><span class="badge log fail-bg">Fail</span></td>
<td>13:50:12 pm</td>
<td>
<a href="#" class="linked" test-id='123' id='125'>Travel insurance home page</a>
<div class="">
<span class="badge badge-default">Insurances_smoke.Travel insurance home page</span>
</div>
</td>
</tr>
<tr class="tag-test-status" status="fail">
<td><span class="badge log fail-bg">Fail</span></td>
<td>13:50:26 pm</td>
<td>
<a href="#" class="linked" test-id='123' id='136'>Travel insurance trip date page</a>
<div class="">
<span class="badge badge-default">Insurances_smoke.Travel insurance trip date page</span>
</div>
</td>
</tr>
<tr class="tag-test-status" status="fail">
<td><span class="badge log fail-bg">Fail</span></td>
<td>13:50:40 pm</td>
<td>
<a href="#" class="linked" test-id='123' id='145'>Travel insurance traveller page</a>
<div class="">
<span class="badge badge-default">Insurances_smoke.Travel insurance traveller page</span>
</div>
</td>
</tr>
<tr class="tag-test-status" status="fail">
<td><span class="badge log fail-bg">Fail</span></td>
<td>13:50:53 pm</td>
<td>
<a href="#" class="linked" test-id='123' id='156'>Travel insurance medical history page</a>
<div class="">
<span class="badge badge-default">Insurances_smoke.Travel insurance medical history page</span>
</div>
</td>
</tr>
<tr class="tag-test-status" status="fail">
<td><span class="badge log fail-bg">Fail</span></td>
<td>13:51:07 pm</td>
<td>
<a href="#" class="linked" test-id='123' id='165'>Travel insurance results page</a>
<div class="">
<span class="badge badge-default">Insurances_smoke.Travel insurance results page</span>
</div>
</td>
</tr>
<tr class="tag-test-status" status="fail">
<td><span class="badge log fail-bg">Fail</span></td>
<td>13:51:21 pm</td>
<td>
<a href="#" class="linked" test-id='123' id='176'>back to home page from travel page</a>
<div class="">
<span class="badge badge-default">Insurances_smoke.back to home page from travel page</span>
</div>
</td>
</tr>
<tr class="tag-test-status" status="fail">
<td><span class="badge log fail-bg">Fail</span></td>
<td>13:51:34 pm</td>
<td>
<a href="#" class="linked" test-id='123' id='185'>car insurance home page</a>
<div class="">
<span class="badge badge-default">Insurances_smoke.car insurance home page</span>
</div>
</td>
</tr>
<tr class="tag-test-status" status="fail">
<td><span class="badge log fail-bg">Fail</span></td>
<td>13:51:54 pm</td>
<td>
<a href="#" class="linked" test-id='123' id='199'>car insurance car number page</a>
<div class="">
<span class="badge badge-default">Insurances_smoke.car insurance car number page</span>
</div>
</td>
</tr>
<tr class="tag-test-status" status="fail">
<td><span class="badge log fail-bg">Fail</span></td>
<td>13:52:12 pm</td>
<td>
<a href="#" class="linked" test-id='123' id='213'>car insurance brand name page</a>
<div class="">
<span class="badge badge-default">Insurances_smoke.car insurance brand name page</span>
</div>
</td>
</tr>
<tr class="tag-test-status" status="fail">
<td><span class="badge log fail-bg">Fail</span></td>
<td>13:52:31 pm</td>
<td>
<a href="#" class="linked" test-id='123' id='220'>car insurance model name page</a>
<div class="">
<span class="badge badge-default">Insurances_smoke.car insurance model name page</span>
</div>
</td>
</tr>
<tr class="tag-test-status" status="fail">
<td><span class="badge log fail-bg">Fail</span></td>
<td>13:52:50 pm</td>
<td>
<a href="#" class="linked" test-id='123' id='229'>car insurance fueltype page</a>
<div class="">
<span class="badge badge-default">Insurances_smoke.car insurance fueltype page</span>
</div>
</td>
</tr>
<tr class="tag-test-status" status="fail">
<td><span class="badge log fail-bg">Fail</span></td>
<td>13:53:08 pm</td>
<td>
<a href="#" class="linked" test-id='123' id='238'>car insurance variantType page</a>
<div class="">
<span class="badge badge-default">Insurances_smoke.car insurance variantType page</span>
</div>
</td>
</tr>
<tr class="tag-test-status" status="fail">
<td><span class="badge log fail-bg">Fail</span></td>
<td>13:53:27 pm</td>
<td>
<a href="#" class="linked" test-id='123' id='247'>car insurance registeredyear page</a>
<div class="">
<span class="badge badge-default">Insurances_smoke.car insurance registeredyear page</span>
</div>
</td>
</tr>
<tr class="tag-test-status" status="fail">
<td><span class="badge log fail-bg">Fail</span></td>
<td>13:53:45 pm</td>
<td>
<a href="#" class="linked" test-id='123' id='256'>car insurance contact details page all errors</a>
<div class="">
<span class="badge badge-default">Insurances_smoke.car insurance contact details page all errors</span>
</div>
</td>
</tr>
<tr class="tag-test-status" status="fail">
<td><span class="badge log fail-bg">Fail</span></td>
<td>13:54:04 pm</td>
<td>
<a href="#" class="linked" test-id='123' id='265'>car insurance contact details page mobile error</a>
<div class="">
<span class="badge badge-default">Insurances_smoke.car insurance contact details page mobile error</span>
</div>
</td>
</tr>
<tr class="tag-test-status" status="fail">
<td><span class="badge log fail-bg">Fail</span></td>
<td>13:54:22 pm</td>
<td>
<a href="#" class="linked" test-id='123' id='274'>car insurance contacts page mail error</a>
<div class="">
<span class="badge badge-default">Insurances_smoke.car insurance contacts page mail error</span>
</div>
</td>
</tr>
<tr class="tag-test-status" status="fail">
<td><span class="badge log fail-bg">Fail</span></td>
<td>13:54:41 pm</td>
<td>
<a href="#" class="linked" test-id='123' id='283'>back to home page from travel page</a>
<div class="">
<span class="badge badge-default">Insurances_smoke.back to home page from travel page</span>
</div>
</td>
</tr>
<tr class="tag-test-status" status="pass">
<td><span class="badge log pass-bg">Pass</span></td>
<td>13:54:59 pm</td>
<td>
<a href="#" class="linked" test-id='123' id='292'>Health insurance menu</a>
<div class="">
<span class="badge badge-default">Insurances_smoke.Health insurance menu</span>
</div>
</td>
</tr>
<tr class="tag-test-status" status="pass">
<td><span class="badge log pass-bg">Pass</span></td>
<td>13:55:20 pm</td>
<td>
<a href="#" class="linked" test-id='123' id='301'>Health insurance link</a>
<div class="">
<span class="badge badge-default">Insurances_smoke.Health insurance link</span>
</div>
</td>
</tr>
<tr class="tag-test-status" status="pass">
<td><span class="badge log pass-bg">Pass</span></td>
<td>13:56:02 pm</td>
<td>
<a href="#" class="linked" test-id='123' id='312'>Health insurance candidate</a>
<div class="">
<span class="badge badge-default">Insurances_smoke.Health insurance candidate</span>
</div>
</td>
</tr>
<tr class="tag-test-status" status="pass">
<td><span class="badge log pass-bg">Pass</span></td>
<td>13:57:19 pm</td>
<td>
<a href="#" class="linked" test-id='123' id='321'>Health insurance age page</a>
<div class="">
<span class="badge badge-default">Insurances_smoke.Health insurance age page</span>
</div>
</td>
</tr>
<tr class="tag-test-status" status="fail">
<td><span class="badge log fail-bg">Fail</span></td>
<td>13:57:38 pm</td>
<td>
<a href="#" class="linked" test-id='123' id='330'>Health insurance city page</a>
<div class="">
<span class="badge badge-default">Insurances_smoke.Health insurance city page</span>
</div>
</td>
</tr>
<tr class="tag-test-status" status="pass">
<td><span class="badge log pass-bg">Pass</span></td>
<td>13:57:49 pm</td>
<td>
<a href="#" class="linked" test-id='123' id='337'>Health insurance positive contact page</a>
<div class="">
<span class="badge badge-default">Insurances_smoke.Health insurance positive contact page</span>
</div>
</td>
</tr>
</tbody>
</table>
</div>
</li>
<li class="test-item">
<div class="test-detail">
<span class="meta">
<span class='badge log badge-danger'>3</span>
</span>
<p class="name">@test</p>
<p class="duration text-sm">3 tests</p>
</div>
<div class="test-contents d-none">
<div class="info">
<h4>@test</h4>
<span status="fail" class='badge log badge-danger'>3 failed</span>
</div>
<table class='table table-sm mt-4'>
<thead>
<tr>
<th class="status-col">Status</th>
<th class="timestamp-col">Timestamp</th>
<th>TestName</th>
</tr>
</thead>
<tbody>
<tr class="tag-test-status" status="fail">
<td><span class="badge log fail-bg">Fail</span></td>
<td>13:47:09 pm</td>
<td>
<a href="#" class="linked" test-id='1' id='3'>Travel Insurance</a>
<div class="">
<span class="badge badge-default">Policy bazaar.Travel Insurance</span>
</div>
</td>
</tr>
<tr class="tag-test-status" status="fail">
<td><span class="badge log fail-bg">Fail</span></td>
<td>13:47:59 pm</td>
<td>
<a href="#" class="linked" test-id='1' id='39'>Car Insurance</a>
<div class="">
<span class="badge badge-default">Policy bazaar.Car Insurance</span>
</div>
</td>
</tr>
<tr class="tag-test-status" status="fail">
<td><span class="badge log fail-bg">Fail</span></td>
<td>13:48:47 pm</td>
<td>
<a href="#" class="linked" test-id='1' id='67'>Health Insurance</a>
<div class="">
<span class="badge badge-default">Policy bazaar.Health Insurance</span>
</div>
</td>
</tr>
</tbody>
</table>
</div>
</li>
<li class="test-item">
<div class="test-detail">
<span class="meta">
<span class='badge log badge-danger'>4</span>
</span>
<p class="name">@regression</p>
<p class="duration text-sm">4 tests</p>
</div>
<div class="test-contents d-none">
<div class="info">
<h4>@regression</h4>
<span status="fail" class='badge log badge-danger'>4 failed</span>
</div>
<table class='table table-sm mt-4'>
<thead>
<tr>
<th class="status-col">Status</th>
<th class="timestamp-col">Timestamp</th>
<th>TestName</th>
</tr>
</thead>
<tbody>
<tr class="tag-test-status" status="fail">
<td><span class="badge log fail-bg">Fail</span></td>
<td>13:49:07 pm</td>
<td>
<a href="#" class="linked" test-id='86' id='87'>Travel Insurance results</a>
<div class="">
<span class="badge badge-default">Insurance_regression.Travel Insurance results</span>
</div>
</td>
</tr>
<tr class="tag-test-status" status="fail">
<td><span class="badge log fail-bg">Fail</span></td>
<td>13:49:21 pm</td>
<td>
<a href="#" class="linked" test-id='86' id='98'>Travel insurance contact details page</a>
<div class="">
<span class="badge badge-default">Insurance_regression.Travel insurance contact details page</span>
</div>
</td>
</tr>
<tr class="tag-test-status" status="fail">
<td><span class="badge log fail-bg">Fail</span></td>
<td>13:49:34 pm</td>
<td>
<a href="#" class="linked" test-id='86' id='107'>Health Insurances results</a>
<div class="">
<span class="badge badge-default">Insurance_regression.Health Insurances results</span>
</div>
</td>
</tr>
<tr class="tag-test-status" status="fail">
<td><span class="badge log fail-bg">Fail</span></td>
<td>13:49:53 pm</td>
<td>
<a href="#" class="linked" test-id='86' id='114'>Health insurance positive contact page</a>
<div class="">
<span class="badge badge-default">Insurance_regression.Health insurance positive contact page</span>
</div>
</td>
</tr>
</tbody>
</table>
</div>
</li>
</ul>
</div>
</div>
<div class="test-content scrollable">
<div class="test-content-detail">
<div class="detail-body"></div>
</div>
</div>
</div><div class="container-fluid p-4 view dashboard-view">
<div class="row">
<div class="col-md-3">
<div class="card"><div class="card-body">
<p class="m-b-0">Started</p>
<h3>Feb 29, 2024 01:47:07 pm</h3>
</div></div>
</div>
<div class="col-md-3">
<div class="card"><div class="card-body">
<p class="m-b-0">Ended</p>
<h3>Feb 29, 2024 01:58:14 pm</h3>
</div></div>
</div>
<div class="col-md-3">
<div class="card"><div class="card-body">
<p class="m-b-0 text-pass">Features Passed</p>
<h3>0</h3>
</div></div>
</div>
<div class="col-md-3">
<div class="card"><div class="card-body">
<p class="m-b-0 text-fail">Features Failed</p>
<h3>3</h3>
</div></div>
</div>
</div>
<div class="row">
<div class="col-md-4">
<div class="card">
<div class="card-header">
<h6 class="card-title">Features</h6>
</div>
<div class="card-body">
<div class="">
<canvas id='parent-analysis' width='115' height='90'></canvas>
</div>
</div>
<div class="card-footer">
<div><small data-tooltip='0%'>
<b>0</b> features passed
</small>
</div>
<div>
<small data-tooltip='100%'><b>3</b> features failed,
<b>0</b> skipped, <b data-tooltip='0%'>0</b> others
</small>
</div>
</div>
</div>
</div>
<div class="col-md-4">
<div class="card">
<div class="card-header">
<h6 class="card-title">Scenarios</h6>
</div>
<div class="card-body">
<div class="">
<canvas id='child-analysis' width='115' height='90'></canvas>
</div>
</div>
<div class="card-footer">
<div><small data-tooltip='16%'><b>5</b> scenarios passed</small></div>
<div>
<small data-tooltip='83%'><b>25</b> scenarios failed,
<b>0</b> skipped, <b data-tooltip='%'>0</b> others
</small>
</div>
</div>
</div>
</div>
<div class="col-md-4">
<div class="card">
<div class="card-header">
<h6 class="card-title">Steps</h6>
</div>
<div class="card-body">
<div class="">
<canvas id='grandchild-analysis' width='115' height='90'></canvas>
</div>
</div>
<div class="card-footer">
<div><small data-tooltip='35%'><b>54</b> steps passed</small></div>
<div>
<small data-tooltip='16%'><b>25</b> steps failed,
<b>73</b> skipped, <b data-tooltip='%'>0</b> others
</small>
</div>
</div>
</div>
</div>
</div>
<div class="row"><div class="col-md-12">
<div class="card"><div class="card-header"><p>Timeline</p></div>
<div class="card-body pt-0"><div>
<canvas id="timeline" height="120"></canvas>
</div></div>
</div>
</div></div>
<script>
var timeline = {
"Policy bazaar":117.797,"Insurance_regression":64.615,"Insurances_smoke":481.981
};
</script>
<div class="row">
<div class="col-lg-6 col-md-12 category-container">
<div class="card">
<div class="card-header"><p>Tags</p></div>
<div class="card-body pb-0 pt-0"><table class="table table-sm table-bordered">
<thead><tr class="bg-gray"><th>Name</th><th>Passed</th><th>Failed</th><th>Skipped</th><th>Others</th><th>Passed %</th></tr></thead><tbody>
<tr>
<td>@smoke</td>
<td>5</td>
<td>18</td>
<td>0</td>
<td>0</td>
<td>21.739%</td>
</tr>
<tr>
<td>@test</td>
<td>0</td>
<td>3</td>
<td>0</td>
<td>0</td>
<td>0%</td>
</tr>
<tr>
<td>@regression</td>
<td>0</td>
<td>4</td>
<td>0</td>
<td>0</td>
<td>0%</td>
</tr>
</tbody>
</table></div>
</div>
</div>
</div>
</div>
<script>
var statusGroup = {
parentCount: 5,
passParent: 0,
failParent: 3,
warningParent: 0,
skipParent: 0,
childCount: 5,
passChild: 5,
failChild: 25,
warningChild: 0,
skipChild: 0,
infoChild: 0,
grandChildCount: 5,
passGrandChild: 54,
failGrandChild: 25,
warningGrandChild: 0,
skipGrandChild: 73,
infoGrandChild: 0,
eventsCount: 5,
};
</script>        </div>
      </div>
    </div>
  </div>
<script src="https://cdn.jsdelivr.net/gh/extent-framework/extent-github-cdn@ce8b10435bcbae260c334c0d0c6b61d2c19b6168/spark/js/spark-script.js"></script>
<script type="text/javascript"></script></body>
</html>